#
# There is insufficient memory for the Java Runtime Environment to continue.
# Native memory allocation (mmap) failed to map 53477376 bytes for Failed to commit area from 0x0000000712600000 to 0x0000000715900000 of length 53477376.
# Possible reasons:
#   The system is out of physical RAM or swap space
#   The process is running with CompressedOops enabled, and the Java Heap may be blocking the growth of the native heap
# Possible solutions:
#   Reduce memory load on the system
#   Increase physical memory or swap space
#   Check if swap backing store is full
#   Decrease Java heap size (-Xmx/-Xms)
#   Decrease number of Java threads
#   Decrease Java thread stack sizes (-Xss)
#   Set larger code cache with -XX:ReservedCodeCacheSize=
#   JVM is running with Zero Based Compressed Oops mode in which the Java heap is
#     placed in the first 32GB address space. The Java Heap base address is the
#     maximum limit for the native heap growth. Please use -XX:HeapBaseMinAddress
#     to set the Java Heap base and to place the Java Heap above 32GB virtual address.
# This output file may be truncated or incomplete.
#
#  Out of Memory Error (./src/hotspot/os/windows/os_windows.cpp:3619), pid=4164, tid=10136
#
# JRE version: OpenJDK Runtime Environment JBR-11.0.13.7-1751.21-jcef (11.0.13+7) (build 11.0.13+7-b1751.21)
# Java VM: OpenJDK 64-Bit Server VM JBR-11.0.13.7-1751.21-jcef (11.0.13+7-b1751.21, mixed mode, tiered, compressed oops, g1 gc, windows-amd64)
# No core dump will be written. Minidumps are not enabled by default on client versions of Windows
#

---------------  S U M M A R Y ------------

Command Line: -XX:TieredStopAtLevel=1 -Xverify:none -Dspring.profiles.active=roman -Dspring.output.ansi.enabled=always -Dcom.sun.management.jmxremote -Dspring.jmx.enabled=true -Dspring.liveBeansView.mbeanDomain -Dspring.application.admin.enabled=true -javaagent:D:\IntelliJ IDEA 2021.3.1\lib\idea_rt.jar=56381:D:\IntelliJ IDEA 2021.3.1\bin -Dfile.encoding=UTF-8 com.cursor.lobo.moviereview.MovieReViewApplication

Host: Intel(R) Core(TM) i5-9300H CPU @ 2.40GHz, 8 cores, 15G,  Windows 10 , 64 bit Build 19041 (10.0.19041.1466)
Time: Wed Feb  9 18:30:26 2022 Фінляндія (зима) elapsed time: 6.560111 seconds (0d 0h 0m 6s)

---------------  T H R E A D  ---------------

Current thread (0x0000017534e51000):  VMThread "VM Thread" [stack: 0x00000069fc300000,0x00000069fc400000] [id=10136]

Stack: [0x00000069fc300000,0x00000069fc400000]
[error occurred during error reporting (printing stack bounds), id 0xc0000005, EXCEPTION_ACCESS_VIOLATION (0xc0000005) at pc=0x000001751991112d]

Native frames: (J=compiled Java code, j=interpreted, Vv=VM code, C=native code)
V  [jvm.dll+0x613daa]
V  [jvm.dll+0x799b30]
V  [jvm.dll+0x79b14d]
V  [jvm.dll+0x79b785]
V  [jvm.dll+0x79b73b]
V  [jvm.dll+0x612ed4]
V  [jvm.dll+0x613668]
C  [ntdll.dll+0xa20cf]
C  [ntdll.dll+0x51454]
C  [ntdll.dll+0xa0bfe]
C  0x000001751991112d

VM_Operation (0x00000069fbdf8cf0): G1CollectForAllocation, mode: safepoint, requested by thread 0x0000017515ccc000


---------------  P R O C E S S  ---------------

Threads class SMR info:
_java_thread_list=0x0000017537226380, length=19, elements={
0x0000017515ccc000, 0x0000017534e65800, 0x0000017534e6b800, 0x000001753575d000,
0x000001753575e000, 0x000001753575f000, 0x0000017535763000, 0x0000017535788000,
0x00000175356f0800, 0x0000017535d39000, 0x0000017535f24800, 0x00000175371f9800,
0x000001753721c000, 0x00000175374fc800, 0x00000175377e3800, 0x00000175377e4000,
0x0000017537936000, 0x00000175379e1800, 0x0000017537bbd800
}

Java Threads: ( => current thread )
  0x0000017515ccc000 JavaThread "main" [_thread_blocked, id=10108, stack(0x00000069fbd00000,0x00000069fbe00000)]
  0x0000017534e65800 JavaThread "Reference Handler" daemon [_thread_blocked, id=10176, stack(0x00000069fc400000,0x00000069fc500000)]
  0x0000017534e6b800 JavaThread "Finalizer" daemon [_thread_blocked, id=13820, stack(0x00000069fc500000,0x00000069fc600000)]
  0x000001753575d000 JavaThread "Signal Dispatcher" daemon [_thread_blocked, id=3908, stack(0x00000069fc600000,0x00000069fc700000)]
  0x000001753575e000 JavaThread "Attach Listener" daemon [_thread_blocked, id=6960, stack(0x00000069fc700000,0x00000069fc800000)]
  0x000001753575f000 JavaThread "Service Thread" daemon [_thread_blocked, id=596, stack(0x00000069fc800000,0x00000069fc900000)]
  0x0000017535763000 JavaThread "C1 CompilerThread0" daemon [_thread_blocked, id=8876, stack(0x00000069fc900000,0x00000069fca00000)]
  0x0000017535788000 JavaThread "Sweeper thread" daemon [_thread_blocked, id=1312, stack(0x00000069fca00000,0x00000069fcb00000)]
  0x00000175356f0800 JavaThread "Common-Cleaner" daemon [_thread_blocked, id=1204, stack(0x00000069fcb00000,0x00000069fcc00000)]
  0x0000017535d39000 JavaThread "Monitor Ctrl-Break" daemon [_thread_in_native, id=13052, stack(0x00000069fcc00000,0x00000069fcd00000)]
  0x0000017535f24800 JavaThread "RMI TCP Accept-0" daemon [_thread_in_native, id=7408, stack(0x00000069fcd00000,0x00000069fce00000)]
  0x00000175371f9800 JavaThread "RMI TCP Connection(1)-192.168.56.1" daemon [_thread_in_native, id=4196, stack(0x00000069fd600000,0x00000069fd700000)]
  0x000001753721c000 JavaThread "RMI Scheduler(0)" daemon [_thread_blocked, id=11928, stack(0x00000069fd700000,0x00000069fd800000)]
  0x00000175374fc800 JavaThread "Catalina-utility-1" [_thread_blocked, id=10464, stack(0x00000069fd400000,0x00000069fd500000)]
  0x00000175377e3800 JavaThread "Catalina-utility-2" [_thread_blocked, id=2128, stack(0x00000069fd800000,0x00000069fd900000)]
  0x00000175377e4000 JavaThread "container-0" [_thread_blocked, id=7896, stack(0x00000069fd900000,0x00000069fda00000)]
  0x0000017537936000 JavaThread "mysql-cj-abandoned-connection-cleanup" daemon [_thread_blocked, id=7068, stack(0x00000069fdc00000,0x00000069fdd00000)]
  0x00000175379e1800 JavaThread "HikariPool-1 housekeeper" daemon [_thread_blocked, id=14004, stack(0x00000069fde00000,0x00000069fdf00000)]
  0x0000017537bbd800 JavaThread "HikariPool-1 connection adder" daemon [_thread_in_native, id=5680, stack(0x00000069fdf00000,0x00000069fe000000)]

Other Threads:
=>0x0000017534e51000 VMThread "VM Thread" [stack: 0x00000069fc300000,0x00000069fc400000] [id=10136]
  0x0000017535f03000 WatcherThread [stack: 0x00000069fce00000,0x00000069fcf00000] [id=10440]
  0x0000017515ce4000 GCTaskThread "GC Thread#0" [stack: 0x00000069fbe00000,0x00000069fbf00000] [id=13156]
  0x0000017536df8800 GCTaskThread "GC Thread#1" [stack: 0x00000069fcf00000,0x00000069fd000000] [id=2580]
  0x00000175362f0000 GCTaskThread "GC Thread#2" [stack: 0x00000069fd000000,0x00000069fd100000] [id=9764]
  0x0000017536186800 GCTaskThread "GC Thread#3" [stack: 0x00000069fd100000,0x00000069fd200000] [id=3744]
  0x000001753635e000 GCTaskThread "GC Thread#4" [stack: 0x00000069fd200000,0x00000069fd300000] [id=14400]
  0x000001753635f000 GCTaskThread "GC Thread#5" [stack: 0x00000069fd300000,0x00000069fd400000] [id=6588]
  0x00000175370e8800 GCTaskThread "GC Thread#6" [stack: 0x00000069fda00000,0x00000069fdb00000] [id=940]
  0x00000175370e7800 GCTaskThread "GC Thread#7" [stack: 0x00000069fdb00000,0x00000069fdc00000] [id=2920]
  0x0000017515d41000 ConcurrentGCThread "G1 Main Marker" [stack: 0x00000069fbf00000,0x00000069fc000000] [id=2720]
  0x0000017515d43800 ConcurrentGCThread "G1 Conc#0" [stack: 0x00000069fc000000,0x00000069fc100000] [id=3276]
  0x00000175370e8000 ConcurrentGCThread "G1 Conc#1" [stack: 0x00000069fd500000,0x00000069fd600000] [id=14948]
  0x0000017534d3f000 ConcurrentGCThread "G1 Refine#0" [stack: 0x00000069fc100000,0x00000069fc200000] [id=13656]
  0x0000017534d40000 ConcurrentGCThread "G1 Young RemSet Sampling" [stack: 0x00000069fc200000,0x00000069fc300000] [id=7740]

Threads with active compile tasks:

VM state:at safepoint (normal execution)

VM Mutex/Monitor currently owned by a thread:  ([mutex/lock_event])
[0x0000017515cc8b50] Threads_lock - owner thread: 0x0000017534e51000
[0x0000017515cc8520] Heap_lock - owner thread: 0x0000017515ccc000

Heap address: 0x0000000702800000, size: 4056 MB, Compressed Oops mode: Zero based, Oop shift amount: 3
Narrow klass base: 0x0000000800000000, Narrow klass shift: 0
Compressed class space size: 1073741824 Address: 0x0000000800000000

Heap:
 garbage-first heap   total 312320K, used 20441K [0x0000000702800000, 0x0000000800000000)
  region size 1024K, 13 young (13312K), 13 survivors (13312K)
 Metaspace       used 50678K, capacity 52161K, committed 52304K, reserved 1095680K
  class space    used 6560K, capacity 7157K, committed 7168K, reserved 1048576K
Heap Regions: E=young(eden), S=young(survivor), O=old, HS=humongous(starts), HC=humongous(continues), CS=collection set, F=free, A=archive, TAMS=top-at-mark-start (previous, next)
|   0|0x0000000702800000, 0x0000000702900000, 0x0000000702900000|100%|HS|  |TAMS 0x0000000702900000, 0x0000000702800000| Complete 
|   1|0x0000000702900000, 0x0000000702a00000, 0x0000000702a00000|100%| O|  |TAMS 0x0000000702a00000, 0x0000000702900000| Untracked 
|   2|0x0000000702a00000, 0x0000000702b00000, 0x0000000702b00000|100%| O|  |TAMS 0x0000000702b00000, 0x0000000702a00000| Untracked 
|   3|0x0000000702b00000, 0x0000000702c00000, 0x0000000702c00000|100%| O|  |TAMS 0x0000000702c00000, 0x0000000702b00000| Untracked 
|   4|0x0000000702c00000, 0x0000000702d00000, 0x0000000702d00000|100%| O|  |TAMS 0x0000000702d00000, 0x0000000702c00000| Untracked 
|   5|0x0000000702d00000, 0x0000000702e00000, 0x0000000702e00000|100%| O|  |TAMS 0x0000000702e00000, 0x0000000702d00000| Untracked 
|   6|0x0000000702e00000, 0x0000000702f00000, 0x0000000702f00000|100%| O|  |TAMS 0x0000000702f00000, 0x0000000702e00000| Untracked 
|   7|0x0000000702f00000, 0x0000000702f59a00, 0x0000000703000000| 35%| O|  |TAMS 0x0000000702f59a00, 0x0000000702f00000| Untracked 
|   8|0x0000000703000000, 0x0000000703000000, 0x0000000703100000|  0%| F|  |TAMS 0x0000000703000000, 0x0000000703000000| Untracked 
|   9|0x0000000703100000, 0x0000000703100000, 0x0000000703200000|  0%| F|  |TAMS 0x0000000703100000, 0x0000000703100000| Untracked 
|  10|0x0000000703200000, 0x0000000703200000, 0x0000000703300000|  0%| F|  |TAMS 0x0000000703200000, 0x0000000703200000| Untracked 
|  11|0x0000000703300000, 0x0000000703300000, 0x0000000703400000|  0%| F|  |TAMS 0x0000000703300000, 0x0000000703300000| Untracked 
|  12|0x0000000703400000, 0x0000000703400000, 0x0000000703500000|  0%| F|  |TAMS 0x0000000703400000, 0x0000000703400000| Untracked 
|  13|0x0000000703500000, 0x0000000703500000, 0x0000000703600000|  0%| F|  |TAMS 0x0000000703500000, 0x0000000703500000| Untracked 
|  14|0x0000000703600000, 0x0000000703600000, 0x0000000703700000|  0%| F|  |TAMS 0x0000000703600000, 0x0000000703600000| Untracked 
|  15|0x0000000703700000, 0x0000000703700000, 0x0000000703800000|  0%| F|  |TAMS 0x0000000703700000, 0x0000000703700000| Untracked 
|  16|0x0000000703800000, 0x0000000703800000, 0x0000000703900000|  0%| F|  |TAMS 0x0000000703800000, 0x0000000703800000| Untracked 
|  17|0x0000000703900000, 0x0000000703900000, 0x0000000703a00000|  0%| F|  |TAMS 0x0000000703900000, 0x0000000703900000| Untracked 
|  18|0x0000000703a00000, 0x0000000703a00000, 0x0000000703b00000|  0%| F|  |TAMS 0x0000000703a00000, 0x0000000703a00000| Untracked 
|  19|0x0000000703b00000, 0x0000000703b00000, 0x0000000703c00000|  0%| F|  |TAMS 0x0000000703b00000, 0x0000000703b00000| Untracked 
|  20|0x0000000703c00000, 0x0000000703c00000, 0x0000000703d00000|  0%| F|  |TAMS 0x0000000703c00000, 0x0000000703c00000| Untracked 
|  21|0x0000000703d00000, 0x0000000703d00000, 0x0000000703e00000|  0%| F|  |TAMS 0x0000000703d00000, 0x0000000703d00000| Untracked 
|  22|0x0000000703e00000, 0x0000000703e00000, 0x0000000703f00000|  0%| F|  |TAMS 0x0000000703e00000, 0x0000000703e00000| Untracked 
|  23|0x0000000703f00000, 0x0000000703f00000, 0x0000000704000000|  0%| F|  |TAMS 0x0000000703f00000, 0x0000000703f00000| Untracked 
|  24|0x0000000704000000, 0x0000000704000000, 0x0000000704100000|  0%| F|  |TAMS 0x0000000704000000, 0x0000000704000000| Untracked 
|  25|0x0000000704100000, 0x0000000704100000, 0x0000000704200000|  0%| F|  |TAMS 0x0000000704100000, 0x0000000704100000| Untracked 
|  26|0x0000000704200000, 0x0000000704200000, 0x0000000704300000|  0%| F|  |TAMS 0x0000000704200000, 0x0000000704200000| Untracked 
|  27|0x0000000704300000, 0x0000000704300000, 0x0000000704400000|  0%| F|  |TAMS 0x0000000704300000, 0x0000000704300000| Untracked 
|  28|0x0000000704400000, 0x0000000704400000, 0x0000000704500000|  0%| F|  |TAMS 0x0000000704400000, 0x0000000704400000| Untracked 
|  29|0x0000000704500000, 0x0000000704500000, 0x0000000704600000|  0%| F|  |TAMS 0x0000000704500000, 0x0000000704500000| Untracked 
|  30|0x0000000704600000, 0x0000000704600000, 0x0000000704700000|  0%| F|  |TAMS 0x0000000704600000, 0x0000000704600000| Untracked 
|  31|0x0000000704700000, 0x0000000704700000, 0x0000000704800000|  0%| F|  |TAMS 0x0000000704700000, 0x0000000704700000| Untracked 
|  32|0x0000000704800000, 0x0000000704800000, 0x0000000704900000|  0%| F|  |TAMS 0x0000000704800000, 0x0000000704800000| Untracked 
|  33|0x0000000704900000, 0x0000000704900000, 0x0000000704a00000|  0%| F|  |TAMS 0x0000000704900000, 0x0000000704900000| Untracked 
|  34|0x0000000704a00000, 0x0000000704a00000, 0x0000000704b00000|  0%| F|  |TAMS 0x0000000704a00000, 0x0000000704a00000| Untracked 
|  35|0x0000000704b00000, 0x0000000704b00000, 0x0000000704c00000|  0%| F|  |TAMS 0x0000000704b00000, 0x0000000704b00000| Untracked 
|  36|0x0000000704c00000, 0x0000000704c00000, 0x0000000704d00000|  0%| F|  |TAMS 0x0000000704c00000, 0x0000000704c00000| Untracked 
|  37|0x0000000704d00000, 0x0000000704d00000, 0x0000000704e00000|  0%| F|  |TAMS 0x0000000704d00000, 0x0000000704d00000| Untracked 
|  38|0x0000000704e00000, 0x0000000704e00000, 0x0000000704f00000|  0%| F|  |TAMS 0x0000000704e00000, 0x0000000704e00000| Untracked 
|  39|0x0000000704f00000, 0x0000000704f00000, 0x0000000705000000|  0%| F|  |TAMS 0x0000000704f00000, 0x0000000704f00000| Untracked 
|  40|0x0000000705000000, 0x0000000705000000, 0x0000000705100000|  0%| F|  |TAMS 0x0000000705000000, 0x0000000705000000| Untracked 
|  41|0x0000000705100000, 0x0000000705100000, 0x0000000705200000|  0%| F|  |TAMS 0x0000000705100000, 0x0000000705100000| Untracked 
|  42|0x0000000705200000, 0x0000000705200000, 0x0000000705300000|  0%| F|  |TAMS 0x0000000705200000, 0x0000000705200000| Untracked 
|  43|0x0000000705300000, 0x0000000705300000, 0x0000000705400000|  0%| F|  |TAMS 0x0000000705300000, 0x0000000705300000| Untracked 
|  44|0x0000000705400000, 0x0000000705400000, 0x0000000705500000|  0%| F|  |TAMS 0x0000000705400000, 0x0000000705400000| Untracked 
|  45|0x0000000705500000, 0x0000000705500000, 0x0000000705600000|  0%| F|  |TAMS 0x0000000705500000, 0x0000000705500000| Untracked 
|  46|0x0000000705600000, 0x0000000705600000, 0x0000000705700000|  0%| F|  |TAMS 0x0000000705600000, 0x0000000705600000| Untracked 
|  47|0x0000000705700000, 0x0000000705700000, 0x0000000705800000|  0%| F|  |TAMS 0x0000000705700000, 0x0000000705700000| Untracked 
|  48|0x0000000705800000, 0x0000000705800000, 0x0000000705900000|  0%| F|  |TAMS 0x0000000705800000, 0x0000000705800000| Untracked 
|  49|0x0000000705900000, 0x0000000705900000, 0x0000000705a00000|  0%| F|  |TAMS 0x0000000705900000, 0x0000000705900000| Untracked 
|  50|0x0000000705a00000, 0x0000000705a00000, 0x0000000705b00000|  0%| F|  |TAMS 0x0000000705a00000, 0x0000000705a00000| Untracked 
|  51|0x0000000705b00000, 0x0000000705b00000, 0x0000000705c00000|  0%| F|  |TAMS 0x0000000705b00000, 0x0000000705b00000| Untracked 
|  52|0x0000000705c00000, 0x0000000705c00000, 0x0000000705d00000|  0%| F|  |TAMS 0x0000000705c00000, 0x0000000705c00000| Untracked 
|  53|0x0000000705d00000, 0x0000000705d00000, 0x0000000705e00000|  0%| F|  |TAMS 0x0000000705d00000, 0x0000000705d00000| Untracked 
|  54|0x0000000705e00000, 0x0000000705e00000, 0x0000000705f00000|  0%| F|  |TAMS 0x0000000705e00000, 0x0000000705e00000| Untracked 
|  55|0x0000000705f00000, 0x0000000705f00000, 0x0000000706000000|  0%| F|  |TAMS 0x0000000705f00000, 0x0000000705f00000| Untracked 
|  56|0x0000000706000000, 0x0000000706000000, 0x0000000706100000|  0%| F|  |TAMS 0x0000000706000000, 0x0000000706000000| Untracked 
|  57|0x0000000706100000, 0x0000000706100000, 0x0000000706200000|  0%| F|  |TAMS 0x0000000706100000, 0x0000000706100000| Untracked 
|  58|0x0000000706200000, 0x0000000706200000, 0x0000000706300000|  0%| F|  |TAMS 0x0000000706200000, 0x0000000706200000| Untracked 
|  59|0x0000000706300000, 0x0000000706300000, 0x0000000706400000|  0%| F|  |TAMS 0x0000000706300000, 0x0000000706300000| Untracked 
|  60|0x0000000706400000, 0x0000000706400000, 0x0000000706500000|  0%| F|  |TAMS 0x0000000706400000, 0x0000000706400000| Untracked 
|  61|0x0000000706500000, 0x0000000706500000, 0x0000000706600000|  0%| F|  |TAMS 0x0000000706500000, 0x0000000706500000| Untracked 
|  62|0x0000000706600000, 0x0000000706600000, 0x0000000706700000|  0%| F|  |TAMS 0x0000000706600000, 0x0000000706600000| Untracked 
|  63|0x0000000706700000, 0x0000000706700000, 0x0000000706800000|  0%| F|  |TAMS 0x0000000706700000, 0x0000000706700000| Untracked 
|  64|0x0000000706800000, 0x0000000706800000, 0x0000000706900000|  0%| F|  |TAMS 0x0000000706800000, 0x0000000706800000| Untracked 
|  65|0x0000000706900000, 0x0000000706900000, 0x0000000706a00000|  0%| F|  |TAMS 0x0000000706900000, 0x0000000706900000| Untracked 
|  66|0x0000000706a00000, 0x0000000706a00000, 0x0000000706b00000|  0%| F|  |TAMS 0x0000000706a00000, 0x0000000706a00000| Untracked 
|  67|0x0000000706b00000, 0x0000000706b00000, 0x0000000706c00000|  0%| F|  |TAMS 0x0000000706b00000, 0x0000000706b00000| Untracked 
|  68|0x0000000706c00000, 0x0000000706c00000, 0x0000000706d00000|  0%| F|  |TAMS 0x0000000706c00000, 0x0000000706c00000| Untracked 
|  69|0x0000000706d00000, 0x0000000706d00000, 0x0000000706e00000|  0%| F|  |TAMS 0x0000000706d00000, 0x0000000706d00000| Untracked 
|  70|0x0000000706e00000, 0x0000000706e00000, 0x0000000706f00000|  0%| F|  |TAMS 0x0000000706e00000, 0x0000000706e00000| Untracked 
|  71|0x0000000706f00000, 0x0000000706f00000, 0x0000000707000000|  0%| F|  |TAMS 0x0000000706f00000, 0x0000000706f00000| Untracked 
|  72|0x0000000707000000, 0x0000000707000000, 0x0000000707100000|  0%| F|  |TAMS 0x0000000707000000, 0x0000000707000000| Untracked 
|  73|0x0000000707100000, 0x0000000707100000, 0x0000000707200000|  0%| F|  |TAMS 0x0000000707100000, 0x0000000707100000| Untracked 
|  74|0x0000000707200000, 0x0000000707200000, 0x0000000707300000|  0%| F|  |TAMS 0x0000000707200000, 0x0000000707200000| Untracked 
|  75|0x0000000707300000, 0x0000000707300000, 0x0000000707400000|  0%| F|  |TAMS 0x0000000707300000, 0x0000000707300000| Untracked 
|  76|0x0000000707400000, 0x0000000707400000, 0x0000000707500000|  0%| F|  |TAMS 0x0000000707400000, 0x0000000707400000| Untracked 
|  77|0x0000000707500000, 0x0000000707500000, 0x0000000707600000|  0%| F|  |TAMS 0x0000000707500000, 0x0000000707500000| Untracked 
|  78|0x0000000707600000, 0x0000000707600000, 0x0000000707700000|  0%| F|  |TAMS 0x0000000707600000, 0x0000000707600000| Untracked 
|  79|0x0000000707700000, 0x0000000707700000, 0x0000000707800000|  0%| F|  |TAMS 0x0000000707700000, 0x0000000707700000| Untracked 
|  80|0x0000000707800000, 0x0000000707800000, 0x0000000707900000|  0%| F|  |TAMS 0x0000000707800000, 0x0000000707800000| Untracked 
|  81|0x0000000707900000, 0x0000000707900000, 0x0000000707a00000|  0%| F|  |TAMS 0x0000000707900000, 0x0000000707900000| Untracked 
|  82|0x0000000707a00000, 0x0000000707a00000, 0x0000000707b00000|  0%| F|  |TAMS 0x0000000707a00000, 0x0000000707a00000| Untracked 
|  83|0x0000000707b00000, 0x0000000707b00000, 0x0000000707c00000|  0%| F|  |TAMS 0x0000000707b00000, 0x0000000707b00000| Untracked 
|  84|0x0000000707c00000, 0x0000000707c00000, 0x0000000707d00000|  0%| F|  |TAMS 0x0000000707c00000, 0x0000000707c00000| Untracked 
|  85|0x0000000707d00000, 0x0000000707d00000, 0x0000000707e00000|  0%| F|  |TAMS 0x0000000707d00000, 0x0000000707d00000| Untracked 
|  86|0x0000000707e00000, 0x0000000707e00000, 0x0000000707f00000|  0%| F|  |TAMS 0x0000000707e00000, 0x0000000707e00000| Untracked 
|  87|0x0000000707f00000, 0x0000000707f00000, 0x0000000708000000|  0%| F|  |TAMS 0x0000000707f00000, 0x0000000707f00000| Untracked 
|  88|0x0000000708000000, 0x0000000708000000, 0x0000000708100000|  0%| F|  |TAMS 0x0000000708000000, 0x0000000708000000| Untracked 
|  89|0x0000000708100000, 0x0000000708100000, 0x0000000708200000|  0%| F|  |TAMS 0x0000000708100000, 0x0000000708100000| Untracked 
|  90|0x0000000708200000, 0x0000000708200000, 0x0000000708300000|  0%| F|  |TAMS 0x0000000708200000, 0x0000000708200000| Untracked 
|  91|0x0000000708300000, 0x0000000708300000, 0x0000000708400000|  0%| F|  |TAMS 0x0000000708300000, 0x0000000708300000| Untracked 
|  92|0x0000000708400000, 0x0000000708400000, 0x0000000708500000|  0%| F|  |TAMS 0x0000000708400000, 0x0000000708400000| Untracked 
|  93|0x0000000708500000, 0x000000070859cd30, 0x0000000708600000| 61%| S|CS|TAMS 0x0000000708500000, 0x0000000708500000| Complete 
|  94|0x0000000708600000, 0x0000000708700000, 0x0000000708700000|100%| S|CS|TAMS 0x0000000708600000, 0x0000000708600000| Complete 
|  95|0x0000000708700000, 0x0000000708800000, 0x0000000708800000|100%| S|CS|TAMS 0x0000000708700000, 0x0000000708700000| Complete 
|  96|0x0000000708800000, 0x0000000708900000, 0x0000000708900000|100%| S|CS|TAMS 0x0000000708800000, 0x0000000708800000| Complete 
|  97|0x0000000708900000, 0x0000000708a00000, 0x0000000708a00000|100%| S|CS|TAMS 0x0000000708900000, 0x0000000708900000| Complete 
|  98|0x0000000708a00000, 0x0000000708b00000, 0x0000000708b00000|100%| S|CS|TAMS 0x0000000708a00000, 0x0000000708a00000| Complete 
|  99|0x0000000708b00000, 0x0000000708c00000, 0x0000000708c00000|100%| S|CS|TAMS 0x0000000708b00000, 0x0000000708b00000| Complete 
| 100|0x0000000708c00000, 0x0000000708d00000, 0x0000000708d00000|100%| S|CS|TAMS 0x0000000708c00000, 0x0000000708c00000| Complete 
| 101|0x0000000708d00000, 0x0000000708e00000, 0x0000000708e00000|100%| S|CS|TAMS 0x0000000708d00000, 0x0000000708d00000| Complete 
| 102|0x0000000708e00000, 0x0000000708f00000, 0x0000000708f00000|100%| S|CS|TAMS 0x0000000708e00000, 0x0000000708e00000| Complete 
| 103|0x0000000708f00000, 0x0000000709000000, 0x0000000709000000|100%| S|CS|TAMS 0x0000000708f00000, 0x0000000708f00000| Complete 
| 104|0x0000000709000000, 0x0000000709100000, 0x0000000709100000|100%| S|CS|TAMS 0x0000000709000000, 0x0000000709000000| Complete 
| 105|0x0000000709100000, 0x0000000709200000, 0x0000000709200000|100%| S|CS|TAMS 0x0000000709100000, 0x0000000709100000| Complete 
| 106|0x0000000709200000, 0x0000000709200000, 0x0000000709300000|  0%| F|  |TAMS 0x0000000709200000, 0x0000000709200000| Untracked 
| 107|0x0000000709300000, 0x0000000709300000, 0x0000000709400000|  0%| F|  |TAMS 0x0000000709300000, 0x0000000709300000| Untracked 
| 108|0x0000000709400000, 0x0000000709400000, 0x0000000709500000|  0%| F|  |TAMS 0x0000000709400000, 0x0000000709400000| Untracked 
| 109|0x0000000709500000, 0x0000000709500000, 0x0000000709600000|  0%| F|  |TAMS 0x0000000709500000, 0x0000000709500000| Untracked 
| 110|0x0000000709600000, 0x0000000709600000, 0x0000000709700000|  0%| F|  |TAMS 0x0000000709600000, 0x0000000709600000| Untracked 
| 111|0x0000000709700000, 0x0000000709700000, 0x0000000709800000|  0%| F|  |TAMS 0x0000000709700000, 0x0000000709700000| Untracked 
| 112|0x0000000709800000, 0x0000000709800000, 0x0000000709900000|  0%| F|  |TAMS 0x0000000709800000, 0x0000000709800000| Untracked 
| 113|0x0000000709900000, 0x0000000709900000, 0x0000000709a00000|  0%| F|  |TAMS 0x0000000709900000, 0x0000000709900000| Untracked 
| 114|0x0000000709a00000, 0x0000000709a00000, 0x0000000709b00000|  0%| F|  |TAMS 0x0000000709a00000, 0x0000000709a00000| Untracked 
| 115|0x0000000709b00000, 0x0000000709b00000, 0x0000000709c00000|  0%| F|  |TAMS 0x0000000709b00000, 0x0000000709b00000| Untracked 
| 116|0x0000000709c00000, 0x0000000709c00000, 0x0000000709d00000|  0%| F|  |TAMS 0x0000000709c00000, 0x0000000709c00000| Untracked 
| 117|0x0000000709d00000, 0x0000000709d00000, 0x0000000709e00000|  0%| F|  |TAMS 0x0000000709d00000, 0x0000000709d00000| Untracked 
| 118|0x0000000709e00000, 0x0000000709e00000, 0x0000000709f00000|  0%| F|  |TAMS 0x0000000709e00000, 0x0000000709e00000| Untracked 
| 119|0x0000000709f00000, 0x0000000709f00000, 0x000000070a000000|  0%| F|  |TAMS 0x0000000709f00000, 0x0000000709f00000| Untracked 
| 120|0x000000070a000000, 0x000000070a000000, 0x000000070a100000|  0%| F|  |TAMS 0x000000070a000000, 0x000000070a000000| Untracked 
| 121|0x000000070a100000, 0x000000070a100000, 0x000000070a200000|  0%| F|  |TAMS 0x000000070a100000, 0x000000070a100000| Untracked 
| 122|0x000000070a200000, 0x000000070a200000, 0x000000070a300000|  0%| F|  |TAMS 0x000000070a200000, 0x000000070a200000| Untracked 
| 123|0x000000070a300000, 0x000000070a300000, 0x000000070a400000|  0%| F|  |TAMS 0x000000070a300000, 0x000000070a300000| Untracked 
| 124|0x000000070a400000, 0x000000070a400000, 0x000000070a500000|  0%| F|  |TAMS 0x000000070a400000, 0x000000070a400000| Untracked 
| 125|0x000000070a500000, 0x000000070a500000, 0x000000070a600000|  0%| F|  |TAMS 0x000000070a500000, 0x000000070a500000| Untracked 
| 126|0x000000070a600000, 0x000000070a600000, 0x000000070a700000|  0%| F|  |TAMS 0x000000070a600000, 0x000000070a600000| Untracked 
| 127|0x000000070a700000, 0x000000070a700000, 0x000000070a800000|  0%| F|  |TAMS 0x000000070a700000, 0x000000070a700000| Untracked 
| 128|0x000000070a800000, 0x000000070a800000, 0x000000070a900000|  0%| F|  |TAMS 0x000000070a800000, 0x000000070a800000| Untracked 
| 129|0x000000070a900000, 0x000000070a900000, 0x000000070aa00000|  0%| F|  |TAMS 0x000000070a900000, 0x000000070a900000| Untracked 
| 130|0x000000070aa00000, 0x000000070aa00000, 0x000000070ab00000|  0%| F|  |TAMS 0x000000070aa00000, 0x000000070aa00000| Untracked 
| 131|0x000000070ab00000, 0x000000070ab00000, 0x000000070ac00000|  0%| F|  |TAMS 0x000000070ab00000, 0x000000070ab00000| Untracked 
| 132|0x000000070ac00000, 0x000000070ac00000, 0x000000070ad00000|  0%| F|  |TAMS 0x000000070ac00000, 0x000000070ac00000| Untracked 
| 133|0x000000070ad00000, 0x000000070ad00000, 0x000000070ae00000|  0%| F|  |TAMS 0x000000070ad00000, 0x000000070ad00000| Untracked 
| 134|0x000000070ae00000, 0x000000070ae00000, 0x000000070af00000|  0%| F|  |TAMS 0x000000070ae00000, 0x000000070ae00000| Untracked 
| 135|0x000000070af00000, 0x000000070af00000, 0x000000070b000000|  0%| F|  |TAMS 0x000000070af00000, 0x000000070af00000| Untracked 
| 136|0x000000070b000000, 0x000000070b000000, 0x000000070b100000|  0%| F|  |TAMS 0x000000070b000000, 0x000000070b000000| Untracked 
| 137|0x000000070b100000, 0x000000070b100000, 0x000000070b200000|  0%| F|  |TAMS 0x000000070b100000, 0x000000070b100000| Untracked 
| 138|0x000000070b200000, 0x000000070b200000, 0x000000070b300000|  0%| F|  |TAMS 0x000000070b200000, 0x000000070b200000| Untracked 
| 139|0x000000070b300000, 0x000000070b300000, 0x000000070b400000|  0%| F|  |TAMS 0x000000070b300000, 0x000000070b300000| Untracked 
| 140|0x000000070b400000, 0x000000070b400000, 0x000000070b500000|  0%| F|  |TAMS 0x000000070b400000, 0x000000070b400000| Untracked 
| 141|0x000000070b500000, 0x000000070b500000, 0x000000070b600000|  0%| F|  |TAMS 0x000000070b500000, 0x000000070b500000| Untracked 
| 142|0x000000070b600000, 0x000000070b600000, 0x000000070b700000|  0%| F|  |TAMS 0x000000070b600000, 0x000000070b600000| Untracked 
| 143|0x000000070b700000, 0x000000070b700000, 0x000000070b800000|  0%| F|  |TAMS 0x000000070b700000, 0x000000070b700000| Untracked 
| 144|0x000000070b800000, 0x000000070b800000, 0x000000070b900000|  0%| F|  |TAMS 0x000000070b800000, 0x000000070b800000| Untracked 
| 145|0x000000070b900000, 0x000000070b900000, 0x000000070ba00000|  0%| F|  |TAMS 0x000000070b900000, 0x000000070b900000| Untracked 
| 146|0x000000070ba00000, 0x000000070ba00000, 0x000000070bb00000|  0%| F|  |TAMS 0x000000070ba00000, 0x000000070ba00000| Untracked 
| 147|0x000000070bb00000, 0x000000070bb00000, 0x000000070bc00000|  0%| F|  |TAMS 0x000000070bb00000, 0x000000070bb00000| Untracked 
| 148|0x000000070bc00000, 0x000000070bc00000, 0x000000070bd00000|  0%| F|  |TAMS 0x000000070bc00000, 0x000000070bc00000| Untracked 
| 149|0x000000070bd00000, 0x000000070bd00000, 0x000000070be00000|  0%| F|  |TAMS 0x000000070bd00000, 0x000000070bd00000| Untracked 
| 150|0x000000070be00000, 0x000000070be00000, 0x000000070bf00000|  0%| F|  |TAMS 0x000000070be00000, 0x000000070be00000| Untracked 
| 151|0x000000070bf00000, 0x000000070bf00000, 0x000000070c000000|  0%| F|  |TAMS 0x000000070bf00000, 0x000000070bf00000| Untracked 
| 152|0x000000070c000000, 0x000000070c000000, 0x000000070c100000|  0%| F|  |TAMS 0x000000070c000000, 0x000000070c000000| Untracked 
| 153|0x000000070c100000, 0x000000070c100000, 0x000000070c200000|  0%| F|  |TAMS 0x000000070c100000, 0x000000070c100000| Untracked 
| 154|0x000000070c200000, 0x000000070c200000, 0x000000070c300000|  0%| F|  |TAMS 0x000000070c200000, 0x000000070c200000| Untracked 
| 155|0x000000070c300000, 0x000000070c300000, 0x000000070c400000|  0%| F|  |TAMS 0x000000070c300000, 0x000000070c300000| Untracked 
| 156|0x000000070c400000, 0x000000070c400000, 0x000000070c500000|  0%| F|  |TAMS 0x000000070c400000, 0x000000070c400000| Untracked 
| 157|0x000000070c500000, 0x000000070c500000, 0x000000070c600000|  0%| F|  |TAMS 0x000000070c500000, 0x000000070c500000| Untracked 
| 158|0x000000070c600000, 0x000000070c600000, 0x000000070c700000|  0%| F|  |TAMS 0x000000070c600000, 0x000000070c600000| Untracked 
| 159|0x000000070c700000, 0x000000070c700000, 0x000000070c800000|  0%| F|  |TAMS 0x000000070c700000, 0x000000070c700000| Untracked 
| 160|0x000000070c800000, 0x000000070c800000, 0x000000070c900000|  0%| F|  |TAMS 0x000000070c800000, 0x000000070c800000| Untracked 
| 161|0x000000070c900000, 0x000000070c900000, 0x000000070ca00000|  0%| F|  |TAMS 0x000000070c900000, 0x000000070c900000| Untracked 
| 162|0x000000070ca00000, 0x000000070ca00000, 0x000000070cb00000|  0%| F|  |TAMS 0x000000070ca00000, 0x000000070ca00000| Untracked 
| 163|0x000000070cb00000, 0x000000070cb00000, 0x000000070cc00000|  0%| F|  |TAMS 0x000000070cb00000, 0x000000070cb00000| Untracked 
| 164|0x000000070cc00000, 0x000000070cc00000, 0x000000070cd00000|  0%| F|  |TAMS 0x000000070cc00000, 0x000000070cc00000| Untracked 
| 165|0x000000070cd00000, 0x000000070cd00000, 0x000000070ce00000|  0%| F|  |TAMS 0x000000070cd00000, 0x000000070cd00000| Untracked 
| 166|0x000000070ce00000, 0x000000070ce00000, 0x000000070cf00000|  0%| F|  |TAMS 0x000000070ce00000, 0x000000070ce00000| Untracked 
| 167|0x000000070cf00000, 0x000000070cf00000, 0x000000070d000000|  0%| F|  |TAMS 0x000000070cf00000, 0x000000070cf00000| Untracked 
| 168|0x000000070d000000, 0x000000070d000000, 0x000000070d100000|  0%| F|  |TAMS 0x000000070d000000, 0x000000070d000000| Untracked 
| 169|0x000000070d100000, 0x000000070d100000, 0x000000070d200000|  0%| F|  |TAMS 0x000000070d100000, 0x000000070d100000| Untracked 
| 170|0x000000070d200000, 0x000000070d200000, 0x000000070d300000|  0%| F|  |TAMS 0x000000070d200000, 0x000000070d200000| Untracked 
| 171|0x000000070d300000, 0x000000070d300000, 0x000000070d400000|  0%| F|  |TAMS 0x000000070d300000, 0x000000070d300000| Untracked 
| 172|0x000000070d400000, 0x000000070d400000, 0x000000070d500000|  0%| F|  |TAMS 0x000000070d400000, 0x000000070d400000| Untracked 
| 173|0x000000070d500000, 0x000000070d500000, 0x000000070d600000|  0%| F|  |TAMS 0x000000070d500000, 0x000000070d500000| Untracked 
| 174|0x000000070d600000, 0x000000070d600000, 0x000000070d700000|  0%| F|  |TAMS 0x000000070d600000, 0x000000070d600000| Untracked 
| 175|0x000000070d700000, 0x000000070d700000, 0x000000070d800000|  0%| F|  |TAMS 0x000000070d700000, 0x000000070d700000| Untracked 
| 176|0x000000070d800000, 0x000000070d800000, 0x000000070d900000|  0%| F|  |TAMS 0x000000070d800000, 0x000000070d800000| Untracked 
| 177|0x000000070d900000, 0x000000070d900000, 0x000000070da00000|  0%| F|  |TAMS 0x000000070d900000, 0x000000070d900000| Untracked 
| 178|0x000000070da00000, 0x000000070da00000, 0x000000070db00000|  0%| F|  |TAMS 0x000000070da00000, 0x000000070da00000| Untracked 
| 179|0x000000070db00000, 0x000000070db00000, 0x000000070dc00000|  0%| F|  |TAMS 0x000000070db00000, 0x000000070db00000| Untracked 
| 180|0x000000070dc00000, 0x000000070dc00000, 0x000000070dd00000|  0%| F|  |TAMS 0x000000070dc00000, 0x000000070dc00000| Untracked 
| 181|0x000000070dd00000, 0x000000070dd00000, 0x000000070de00000|  0%| F|  |TAMS 0x000000070dd00000, 0x000000070dd00000| Untracked 
| 182|0x000000070de00000, 0x000000070de00000, 0x000000070df00000|  0%| F|  |TAMS 0x000000070de00000, 0x000000070de00000| Untracked 
| 183|0x000000070df00000, 0x000000070df00000, 0x000000070e000000|  0%| F|  |TAMS 0x000000070df00000, 0x000000070df00000| Untracked 
| 184|0x000000070e000000, 0x000000070e000000, 0x000000070e100000|  0%| F|  |TAMS 0x000000070e000000, 0x000000070e000000| Untracked 
| 185|0x000000070e100000, 0x000000070e100000, 0x000000070e200000|  0%| F|  |TAMS 0x000000070e100000, 0x000000070e100000| Untracked 
| 186|0x000000070e200000, 0x000000070e200000, 0x000000070e300000|  0%| F|  |TAMS 0x000000070e200000, 0x000000070e200000| Untracked 
| 187|0x000000070e300000, 0x000000070e300000, 0x000000070e400000|  0%| F|  |TAMS 0x000000070e300000, 0x000000070e300000| Untracked 
| 188|0x000000070e400000, 0x000000070e400000, 0x000000070e500000|  0%| F|  |TAMS 0x000000070e400000, 0x000000070e400000| Untracked 
| 189|0x000000070e500000, 0x000000070e500000, 0x000000070e600000|  0%| F|  |TAMS 0x000000070e500000, 0x000000070e500000| Untracked 
| 190|0x000000070e600000, 0x000000070e600000, 0x000000070e700000|  0%| F|  |TAMS 0x000000070e600000, 0x000000070e600000| Untracked 
| 191|0x000000070e700000, 0x000000070e700000, 0x000000070e800000|  0%| F|  |TAMS 0x000000070e700000, 0x000000070e700000| Untracked 
| 192|0x000000070e800000, 0x000000070e800000, 0x000000070e900000|  0%| F|  |TAMS 0x000000070e800000, 0x000000070e800000| Untracked 
| 193|0x000000070e900000, 0x000000070e900000, 0x000000070ea00000|  0%| F|  |TAMS 0x000000070e900000, 0x000000070e900000| Untracked 
| 194|0x000000070ea00000, 0x000000070ea00000, 0x000000070eb00000|  0%| F|  |TAMS 0x000000070ea00000, 0x000000070ea00000| Untracked 
| 195|0x000000070eb00000, 0x000000070eb00000, 0x000000070ec00000|  0%| F|  |TAMS 0x000000070eb00000, 0x000000070eb00000| Untracked 
| 196|0x000000070ec00000, 0x000000070ec00000, 0x000000070ed00000|  0%| F|  |TAMS 0x000000070ec00000, 0x000000070ec00000| Untracked 
| 197|0x000000070ed00000, 0x000000070ed00000, 0x000000070ee00000|  0%| F|  |TAMS 0x000000070ed00000, 0x000000070ed00000| Untracked 
| 198|0x000000070ee00000, 0x000000070ee00000, 0x000000070ef00000|  0%| F|  |TAMS 0x000000070ee00000, 0x000000070ee00000| Untracked 
| 199|0x000000070ef00000, 0x000000070ef00000, 0x000000070f000000|  0%| F|  |TAMS 0x000000070ef00000, 0x000000070ef00000| Untracked 
| 200|0x000000070f000000, 0x000000070f000000, 0x000000070f100000|  0%| F|  |TAMS 0x000000070f000000, 0x000000070f000000| Untracked 
| 201|0x000000070f100000, 0x000000070f100000, 0x000000070f200000|  0%| F|  |TAMS 0x000000070f100000, 0x000000070f100000| Untracked 
| 202|0x000000070f200000, 0x000000070f200000, 0x000000070f300000|  0%| F|  |TAMS 0x000000070f200000, 0x000000070f200000| Untracked 
| 203|0x000000070f300000, 0x000000070f300000, 0x000000070f400000|  0%| F|  |TAMS 0x000000070f300000, 0x000000070f300000| Untracked 
| 204|0x000000070f400000, 0x000000070f400000, 0x000000070f500000|  0%| F|  |TAMS 0x000000070f400000, 0x000000070f400000| Untracked 
| 205|0x000000070f500000, 0x000000070f500000, 0x000000070f600000|  0%| F|  |TAMS 0x000000070f500000, 0x000000070f500000| Untracked 
| 206|0x000000070f600000, 0x000000070f600000, 0x000000070f700000|  0%| F|  |TAMS 0x000000070f600000, 0x000000070f600000| Untracked 
| 207|0x000000070f700000, 0x000000070f700000, 0x000000070f800000|  0%| F|  |TAMS 0x000000070f700000, 0x000000070f700000| Untracked 
| 208|0x000000070f800000, 0x000000070f800000, 0x000000070f900000|  0%| F|  |TAMS 0x000000070f800000, 0x000000070f800000| Untracked 
| 209|0x000000070f900000, 0x000000070f900000, 0x000000070fa00000|  0%| F|  |TAMS 0x000000070f900000, 0x000000070f900000| Untracked 
| 210|0x000000070fa00000, 0x000000070fa00000, 0x000000070fb00000|  0%| F|  |TAMS 0x000000070fa00000, 0x000000070fa00000| Untracked 
| 211|0x000000070fb00000, 0x000000070fb00000, 0x000000070fc00000|  0%| F|  |TAMS 0x000000070fb00000, 0x000000070fb00000| Untracked 
| 212|0x000000070fc00000, 0x000000070fc00000, 0x000000070fd00000|  0%| F|  |TAMS 0x000000070fc00000, 0x000000070fc00000| Untracked 
| 213|0x000000070fd00000, 0x000000070fd00000, 0x000000070fe00000|  0%| F|  |TAMS 0x000000070fd00000, 0x000000070fd00000| Untracked 
| 214|0x000000070fe00000, 0x000000070fe00000, 0x000000070ff00000|  0%| F|  |TAMS 0x000000070fe00000, 0x000000070fe00000| Untracked 
| 215|0x000000070ff00000, 0x000000070ff00000, 0x0000000710000000|  0%| F|  |TAMS 0x000000070ff00000, 0x000000070ff00000| Untracked 
| 216|0x0000000710000000, 0x0000000710000000, 0x0000000710100000|  0%| F|  |TAMS 0x0000000710000000, 0x0000000710000000| Untracked 
| 217|0x0000000710100000, 0x0000000710100000, 0x0000000710200000|  0%| F|  |TAMS 0x0000000710100000, 0x0000000710100000| Untracked 
| 218|0x0000000710200000, 0x0000000710200000, 0x0000000710300000|  0%| F|  |TAMS 0x0000000710200000, 0x0000000710200000| Untracked 
| 219|0x0000000710300000, 0x0000000710300000, 0x0000000710400000|  0%| F|  |TAMS 0x0000000710300000, 0x0000000710300000| Untracked 
| 220|0x0000000710400000, 0x0000000710400000, 0x0000000710500000|  0%| F|  |TAMS 0x0000000710400000, 0x0000000710400000| Untracked 
| 221|0x0000000710500000, 0x0000000710500000, 0x0000000710600000|  0%| F|  |TAMS 0x0000000710500000, 0x0000000710500000| Untracked 
| 222|0x0000000710600000, 0x0000000710600000, 0x0000000710700000|  0%| F|  |TAMS 0x0000000710600000, 0x0000000710600000| Untracked 
| 223|0x0000000710700000, 0x0000000710700000, 0x0000000710800000|  0%| F|  |TAMS 0x0000000710700000, 0x0000000710700000| Untracked 
| 224|0x0000000710800000, 0x0000000710800000, 0x0000000710900000|  0%| F|  |TAMS 0x0000000710800000, 0x0000000710800000| Untracked 
| 225|0x0000000710900000, 0x0000000710900000, 0x0000000710a00000|  0%| F|  |TAMS 0x0000000710900000, 0x0000000710900000| Untracked 
| 226|0x0000000710a00000, 0x0000000710a00000, 0x0000000710b00000|  0%| F|  |TAMS 0x0000000710a00000, 0x0000000710a00000| Untracked 
| 227|0x0000000710b00000, 0x0000000710b00000, 0x0000000710c00000|  0%| F|  |TAMS 0x0000000710b00000, 0x0000000710b00000| Untracked 
| 228|0x0000000710c00000, 0x0000000710c00000, 0x0000000710d00000|  0%| F|  |TAMS 0x0000000710c00000, 0x0000000710c00000| Untracked 
| 229|0x0000000710d00000, 0x0000000710d00000, 0x0000000710e00000|  0%| F|  |TAMS 0x0000000710d00000, 0x0000000710d00000| Untracked 
| 230|0x0000000710e00000, 0x0000000710e00000, 0x0000000710f00000|  0%| F|  |TAMS 0x0000000710e00000, 0x0000000710e00000| Untracked 
| 231|0x0000000710f00000, 0x0000000710f00000, 0x0000000711000000|  0%| F|  |TAMS 0x0000000710f00000, 0x0000000710f00000| Untracked 
| 232|0x0000000711000000, 0x0000000711000000, 0x0000000711100000|  0%| F|  |TAMS 0x0000000711000000, 0x0000000711000000| Untracked 
| 233|0x0000000711100000, 0x0000000711100000, 0x0000000711200000|  0%| F|  |TAMS 0x0000000711100000, 0x0000000711100000| Untracked 
| 234|0x0000000711200000, 0x0000000711200000, 0x0000000711300000|  0%| F|  |TAMS 0x0000000711200000, 0x0000000711200000| Untracked 
| 235|0x0000000711300000, 0x0000000711300000, 0x0000000711400000|  0%| F|  |TAMS 0x0000000711300000, 0x0000000711300000| Untracked 
| 236|0x0000000711400000, 0x0000000711400000, 0x0000000711500000|  0%| F|  |TAMS 0x0000000711400000, 0x0000000711400000| Untracked 
| 237|0x0000000711500000, 0x0000000711500000, 0x0000000711600000|  0%| F|  |TAMS 0x0000000711500000, 0x0000000711500000| Untracked 
| 238|0x0000000711600000, 0x0000000711600000, 0x0000000711700000|  0%| F|  |TAMS 0x0000000711600000, 0x0000000711600000| Untracked 
| 239|0x0000000711700000, 0x0000000711700000, 0x0000000711800000|  0%| F|  |TAMS 0x0000000711700000, 0x0000000711700000| Untracked 
| 240|0x0000000711800000, 0x0000000711800000, 0x0000000711900000|  0%| F|  |TAMS 0x0000000711800000, 0x0000000711800000| Untracked 
| 241|0x0000000711900000, 0x0000000711900000, 0x0000000711a00000|  0%| F|  |TAMS 0x0000000711900000, 0x0000000711900000| Untracked 
| 242|0x0000000711a00000, 0x0000000711a00000, 0x0000000711b00000|  0%| F|  |TAMS 0x0000000711a00000, 0x0000000711a00000| Untracked 
| 243|0x0000000711b00000, 0x0000000711b00000, 0x0000000711c00000|  0%| F|  |TAMS 0x0000000711b00000, 0x0000000711b00000| Untracked 
| 244|0x0000000711c00000, 0x0000000711c00000, 0x0000000711d00000|  0%| F|  |TAMS 0x0000000711c00000, 0x0000000711c00000| Untracked 
| 245|0x0000000711d00000, 0x0000000711d00000, 0x0000000711e00000|  0%| F|  |TAMS 0x0000000711d00000, 0x0000000711d00000| Untracked 
| 246|0x0000000711e00000, 0x0000000711e00000, 0x0000000711f00000|  0%| F|  |TAMS 0x0000000711e00000, 0x0000000711e00000| Untracked 
| 247|0x0000000711f00000, 0x0000000711f00000, 0x0000000712000000|  0%| F|  |TAMS 0x0000000711f00000, 0x0000000711f00000| Untracked 
| 248|0x0000000712000000, 0x0000000712000000, 0x0000000712100000|  0%| F|  |TAMS 0x0000000712000000, 0x0000000712000000| Untracked 
| 249|0x0000000712100000, 0x0000000712100000, 0x0000000712200000|  0%| F|  |TAMS 0x0000000712100000, 0x0000000712100000| Untracked 
| 250|0x0000000712200000, 0x0000000712200000, 0x0000000712300000|  0%| F|  |TAMS 0x0000000712200000, 0x0000000712200000| Untracked 
| 251|0x0000000712300000, 0x0000000712300000, 0x0000000712400000|  0%| F|  |TAMS 0x0000000712300000, 0x0000000712300000| Untracked 
| 252|0x0000000712400000, 0x0000000712400000, 0x0000000712500000|  0%| F|  |TAMS 0x0000000712400000, 0x0000000712400000| Untracked 
| 253|0x0000000712500000, 0x0000000712500000, 0x0000000712600000|  0%| F|  |TAMS 0x0000000712500000, 0x0000000712500000| Untracked 

Card table byte_map: [0x0000017529430000,0x0000017529c20000] _byte_map_base: 0x0000017525c1c000

Marking Bits (Prev, Next): (CMBitMap*) 0x0000017515d30768, (CMBitMap*) 0x0000017515d307a0
 Prev Bits: [0x000001752a410000, 0x000001752e370000)
 Next Bits: [0x000001752e370000, 0x00000175322d0000)

Polling page: 0x0000017513c50000

Metaspace:

Usage:
  Non-class:     43.95 MB capacity,    43.08 MB ( 98%) used,   712.53 KB (  2%) free+waste,   173.31 KB ( <1%) overhead. 
      Class:      6.99 MB capacity,     6.41 MB ( 92%) used,   510.95 KB (  7%) free+waste,    85.44 KB (  1%) overhead. 
       Both:     50.94 MB capacity,    49.49 MB ( 97%) used,     1.19 MB (  2%) free+waste,   258.75 KB ( <1%) overhead. 

Virtual space:
  Non-class space:       46.00 MB reserved,      44.08 MB ( 96%) committed 
      Class space:        1.00 GB reserved,       7.00 MB ( <1%) committed 
             Both:        1.04 GB reserved,      51.08 MB (  5%) committed 

Chunk freelists:
   Non-Class:  4.00 KB
       Class:  11.00 KB
        Both:  15.00 KB

MaxMetaspaceSize: 17179869184.00 GB
CompressedClassSpaceSize: 1.00 GB
Initial GC threshold: 20.80 MB
Current GC threshold: 58.88 MB
CDS: off

CodeHeap 'non-profiled nmethods': size=238336Kb used=6841Kb max_used=6841Kb free=231494Kb
 bounds [0x000001751a050000, 0x000001751a700000, 0x0000017528910000]
CodeHeap 'non-nmethods': size=7424Kb used=1282Kb max_used=1282Kb free=6141Kb
 bounds [0x0000017519910000, 0x0000017519b80000, 0x000001751a050000]
 total_blobs=4996 nmethods=4419 adapters=502
 compilation: enabled
              stopped_count=0, restarted_count=0
 full_count=0

Compilation events (20 events):
Event: 6.509 Thread 0x0000017535763000 4408       1       java.io.ObjectOutputStream$BlockDataOutputStream::write (152 bytes)
Event: 6.510 Thread 0x0000017535763000 nmethod 4408 0x000001751a6fbb10 code [0x000001751a6fbd00, 0x000001751a6fc098]
Event: 6.510 Thread 0x0000017535763000 4414       1       java.lang.StringBuilder::append (6 bytes)
Event: 6.510 Thread 0x0000017535763000 nmethod 4414 0x000001751a6fc210 code [0x000001751a6fc3c0, 0x000001751a6fc4a8]
Event: 6.511 Thread 0x0000017535763000 4415       1       org.postgresql.core.QueryExecutorBase::getQuoteReturningIdentifiers (5 bytes)
Event: 6.511 Thread 0x0000017535763000 nmethod 4415 0x000001751a6fc590 code [0x000001751a6fc740, 0x000001751a6fc7f8]
Event: 6.511 Thread 0x0000017535763000 4416       1       org.postgresql.core.QueryExecutorBase::isColumnSanitiserDisabled (5 bytes)
Event: 6.511 Thread 0x0000017535763000 nmethod 4416 0x000001751a6fc890 code [0x000001751a6fca40, 0x000001751a6fcaf8]
Event: 6.511 Thread 0x0000017535763000 4412       1       sun.util.logging.internal.LoggingProviderImpl$JULWrapper::toJUL (40 bytes)
Event: 6.511 Thread 0x0000017535763000 nmethod 4412 0x000001751a6fcb90 code [0x000001751a6fcd40, 0x000001751a6fce38]
Event: 6.511 Thread 0x0000017535763000 4411       1       java.text.DecimalFormatSymbols::getNaN (5 bytes)
Event: 6.511 Thread 0x0000017535763000 nmethod 4411 0x000001751a6fcf10 code [0x000001751a6fd0c0, 0x000001751a6fd178]
Event: 6.511 Thread 0x0000017535763000 4413       1       java.text.DecimalFormatSymbols::getInfinity (5 bytes)
Event: 6.511 Thread 0x0000017535763000 nmethod 4413 0x000001751a6fd210 code [0x000001751a6fd3c0, 0x000001751a6fd478]
Event: 6.516 Thread 0x0000017535763000 4417       1       java.lang.reflect.Parameter::getRealName (5 bytes)
Event: 6.516 Thread 0x0000017535763000 nmethod 4417 0x000001751a6fd510 code [0x000001751a6fd6c0, 0x000001751a6fd778]
Event: 6.530 Thread 0x0000017535763000 4418       1       java.lang.ClassLoader::getResources (55 bytes)
Event: 6.531 Thread 0x0000017535763000 nmethod 4418 0x000001751a6fd810 code [0x000001751a6fda20, 0x000001751a6fe058]
Event: 6.531 Thread 0x0000017535763000 4419       1       java.lang.CompoundEnumeration::<init> (10 bytes)
Event: 6.531 Thread 0x0000017535763000 nmethod 4419 0x000001751a6fe290 code [0x000001751a6fe440, 0x000001751a6fe558]

GC Heap History (13 events):
Event: 1.257 GC heap before
{Heap before GC invocations=0 (full 0):
 garbage-first heap   total 260096K, used 24576K [0x0000000702800000, 0x0000000800000000)
  region size 1024K, 24 young (24576K), 0 survivors (0K)
 Metaspace       used 14257K, capacity 14685K, committed 14976K, reserved 1062912K
  class space    used 1476K, capacity 1600K, committed 1664K, reserved 1048576K
}
Event: 1.264 GC heap after
{Heap after GC invocations=1 (full 0):
 garbage-first heap   total 260096K, used 7392K [0x0000000702800000, 0x0000000800000000)
  region size 1024K, 3 young (3072K), 3 survivors (3072K)
 Metaspace       used 14257K, capacity 14685K, committed 14976K, reserved 1062912K
  class space    used 1476K, capacity 1600K, committed 1664K, reserved 1048576K
}
Event: 1.591 GC heap before
{Heap before GC invocations=1 (full 0):
 garbage-first heap   total 260096K, used 26848K [0x0000000702800000, 0x0000000800000000)
  region size 1024K, 22 young (22528K), 3 survivors (3072K)
 Metaspace       used 17997K, capacity 18539K, committed 18688K, reserved 1064960K
  class space    used 2003K, capacity 2239K, committed 2304K, reserved 1048576K
}
Event: 1.595 GC heap after
{Heap after GC invocations=2 (full 0):
 garbage-first heap   total 260096K, used 8946K [0x0000000702800000, 0x0000000800000000)
  region size 1024K, 2 young (2048K), 2 survivors (2048K)
 Metaspace       used 17997K, capacity 18539K, committed 18688K, reserved 1064960K
  class space    used 2003K, capacity 2239K, committed 2304K, reserved 1048576K
}
Event: 1.735 GC heap before
{Heap before GC invocations=2 (full 0):
 garbage-first heap   total 260096K, used 21234K [0x0000000702800000, 0x0000000800000000)
  region size 1024K, 16 young (16384K), 2 survivors (2048K)
 Metaspace       used 20468K, capacity 21118K, committed 21296K, reserved 1069056K
  class space    used 2329K, capacity 2593K, committed 2688K, reserved 1048576K
}
Event: 1.738 GC heap after
{Heap after GC invocations=3 (full 0):
 garbage-first heap   total 260096K, used 9431K [0x0000000702800000, 0x0000000800000000)
  region size 1024K, 2 young (2048K), 2 survivors (2048K)
 Metaspace       used 20468K, capacity 21118K, committed 21296K, reserved 1069056K
  class space    used 2329K, capacity 2593K, committed 2688K, reserved 1048576K
}
Event: 2.202 GC heap before
{Heap before GC invocations=4 (full 0):
 garbage-first heap   total 260096K, used 83159K [0x0000000702800000, 0x0000000800000000)
  region size 1024K, 75 young (76800K), 2 survivors (2048K)
 Metaspace       used 25310K, capacity 26255K, committed 26416K, reserved 1073152K
  class space    used 2980K, capacity 3339K, committed 3456K, reserved 1048576K
}
Event: 2.209 GC heap after
{Heap after GC invocations=5 (full 0):
 garbage-first heap   total 260096K, used 11259K [0x0000000702800000, 0x0000000800000000)
  region size 1024K, 4 young (4096K), 4 survivors (4096K)
 Metaspace       used 25310K, capacity 26255K, committed 26416K, reserved 1073152K
  class space    used 2980K, capacity 3339K, committed 3456K, reserved 1048576K
}
Event: 3.283 GC heap before
{Heap before GC invocations=5 (full 0):
 garbage-first heap   total 260096K, used 117755K [0x0000000702800000, 0x0000000800000000)
  region size 1024K, 109 young (111616K), 4 survivors (4096K)
 Metaspace       used 32719K, capacity 33982K, committed 34224K, reserved 1079296K
  class space    used 4009K, capacity 4501K, committed 4608K, reserved 1048576K
}
Event: 3.296 GC heap after
{Heap after GC invocations=6 (full 0):
 garbage-first heap   total 260096K, used 15198K [0x0000000702800000, 0x0000000800000000)
  region size 1024K, 8 young (8192K), 8 survivors (8192K)
 Metaspace       used 32719K, capacity 33982K, committed 34224K, reserved 1079296K
  class space    used 4009K, capacity 4501K, committed 4608K, reserved 1048576K
}
Event: 3.726 GC heap before
{Heap before GC invocations=6 (full 0):
 garbage-first heap   total 260096K, used 38750K [0x0000000702800000, 0x0000000800000000)
  region size 1024K, 33 young (33792K), 8 survivors (8192K)
 Metaspace       used 34581K, capacity 35833K, committed 35920K, reserved 1081344K
  class space    used 4282K, capacity 4842K, committed 4864K, reserved 1048576K
}
Event: 3.738 GC heap after
{Heap after GC invocations=7 (full 0):
 garbage-first heap   total 260096K, used 16179K [0x0000000702800000, 0x0000000800000000)
  region size 1024K, 9 young (9216K), 9 survivors (9216K)
 Metaspace       used 34581K, capacity 35833K, committed 35920K, reserved 1081344K
  class space    used 4282K, capacity 4842K, committed 4864K, reserved 1048576K
}
Event: 6.536 GC heap before
{Heap before GC invocations=8 (full 0):
 garbage-first heap   total 260096K, used 158515K [0x0000000702800000, 0x0000000800000000)
  region size 1024K, 148 young (151552K), 9 survivors (9216K)
 Metaspace       used 50678K, capacity 52161K, committed 52304K, reserved 1095680K
  class space    used 6560K, capacity 7157K, committed 7168K, reserved 1048576K
}

Deoptimization events (0 events):
No events

Classes redefined (0 events):
No events

Internal exceptions (20 events):
Event: 4.874 Thread 0x0000017515ccc000 Exception <a 'java/lang/NoSuchMethodError'{0x000000070e8bf1b0}: 'java.lang.Object java.lang.invoke.DirectMethodHandle$Holder.invokeStaticInit(java.lang.Object, java.lang.Object, java.lang.Object, java.lang.Object)'> (0x000000070e8bf1b0) thrown at [./src/hotspot/share/interpreter/linkResolver.cpp, line 773]
Event: 4.955 Thread 0x00000175371f9800 Exception <a 'java/lang/reflect/InvocationTargetException'{0x00000007117a3640}> (0x00000007117a3640) thrown at [./src/hotspot/share/runtime/reflection.cpp, line 1247]
Event: 5.227 Thread 0x0000017515ccc000 Exception <a 'java/lang/NoSuchMethodError'{0x000000070d557480}: 'java.lang.Object java.lang.invoke.DirectMethodHandle$Holder.newInvokeSpecial(java.lang.Object, java.lang.Object, int, java.lang.Object, java.lang.Object)'> (0x000000070d557480) thrown at [./src/hotspot/share/interpreter/linkResolver.cpp, line 773]
Event: 5.465 Thread 0x00000175371f9800 Exception <a 'java/lang/reflect/InvocationTargetException'{0x00000007117b0408}> (0x00000007117b0408) thrown at [./src/hotspot/share/runtime/reflection.cpp, line 1247]
Event: 5.772 Thread 0x0000017515ccc000 Exception <a 'java/lang/NoSuchMethodError'{0x000000070af336c8}: 'void java.lang.invoke.DirectMethodHandle$Holder.invokeInterface(java.lang.Object, java.lang.Object)'> (0x000000070af336c8) thrown at [./src/hotspot/share/interpreter/linkResolver.cpp, line 773]
Event: 5.798 Thread 0x0000017515ccc000 Exception <a 'java/lang/NoSuchMethodError'{0x000000070ae479e0}: 'java.lang.Object java.lang.invoke.DirectMethodHandle$Holder.invokeStaticInit(java.lang.Object, java.lang.Object, java.lang.Object, java.lang.Object, int, int)'> (0x000000070ae479e0) thrown at [./src/hotspot/share/interpreter/linkResolver.cpp, line 773]
Event: 5.830 Thread 0x0000017515ccc000 Exception <a 'java/lang/NoSuchMethodError'{0x000000070ad3c408}: 'void java.lang.invoke.DirectMethodHandle$Holder.invokeStaticInit(java.lang.Object, java.lang.Object, java.lang.Object, java.lang.Object)'> (0x000000070ad3c408) thrown at [./src/hotspot/share/interpreter/linkResolver.cpp, line 773]
Event: 5.978 Thread 0x00000175371f9800 Exception <a 'java/lang/reflect/InvocationTargetException'{0x00000007117bd1d0}> (0x00000007117bd1d0) thrown at [./src/hotspot/share/runtime/reflection.cpp, line 1247]
Event: 6.305 Thread 0x0000017515ccc000 Exception <a 'java/lang/NoClassDefFoundError'{0x0000000709ef0540}: sun/reflect/Reflection> (0x0000000709ef0540) thrown at [./src/hotspot/share/classfile/systemDictionary.cpp, line 220]
Event: 6.454 Thread 0x0000017515ccc000 Exception <a 'java/lang/ClassNotFoundException'{0x0000000709630b60}: java/lang/ObjectCustomizer> (0x0000000709630b60) thrown at [./src/hotspot/share/classfile/systemDictionary.cpp, line 231]
Event: 6.455 Thread 0x0000017515ccc000 Exception <a 'java/lang/ClassNotFoundException'{0x000000070964b1b8}: org/springframework/web/servlet/config/annotation/WebMvcConfigurationSupportCustomizer> (0x000000070964b1b8) thrown at [./src/hotspot/share/classfile/systemDictionary.cpp, line 231]
Event: 6.456 Thread 0x0000017515ccc000 Exception <a 'java/lang/ClassNotFoundException'{0x0000000709671e80}: org/springframework/web/servlet/config/annotation/DelegatingWebMvcConfigurationCustomizer> (0x0000000709671e80) thrown at [./src/hotspot/share/classfile/systemDictionary.cpp, line 231]
Event: 6.457 Thread 0x0000017515ccc000 Exception <a 'java/lang/ClassNotFoundException'{0x0000000709691288}: org/springframework/boot/autoconfigure/web/servlet/WebMvcAutoConfiguration$EnableWebMvcConfigurationCustomizer> (0x0000000709691288) thrown at [./src/hotspot/share/classfile/systemDictionary.cpp, line 231]
Event: 6.459 Thread 0x0000017515ccc000 Exception <a 'java/lang/ClassNotFoundException'{0x00000007096b32e8}: org/springframework/context/ResourceLoaderAwareCustomizer> (0x00000007096b32e8) thrown at [./src/hotspot/share/classfile/systemDictionary.cpp, line 231]
Event: 6.459 Thread 0x0000017515ccc000 Exception <a 'java/lang/ClassNotFoundException'{0x00000007096c5958}: org/springframework/beans/factory/AwareCustomizer> (0x00000007096c5958) thrown at [./src/hotspot/share/classfile/systemDictionary.cpp, line 231]
Event: 6.460 Thread 0x0000017515ccc000 Exception <a 'java/lang/ClassNotFoundException'{0x00000007096d8f78}: org/springframework/context/ApplicationContextAwareCustomizer> (0x00000007096d8f78) thrown at [./src/hotspot/share/classfile/systemDictionary.cpp, line 231]
Event: 6.461 Thread 0x0000017515ccc000 Exception <a 'java/lang/ClassNotFoundException'{0x00000007096ebf78}: org/springframework/beans/factory/AwareCustomizer> (0x00000007096ebf78) thrown at [./src/hotspot/share/classfile/systemDictionary.cpp, line 231]
Event: 6.461 Thread 0x0000017515ccc000 Exception <a 'java/lang/ClassNotFoundException'{0x00000007096ff570}: org/springframework/web/context/ServletContextAwareCustomizer> (0x00000007096ff570) thrown at [./src/hotspot/share/classfile/systemDictionary.cpp, line 231]
Event: 6.462 Thread 0x0000017515ccc000 Exception <a 'java/lang/ClassNotFoundException'{0x0000000709512550}: org/springframework/beans/factory/AwareCustomizer> (0x0000000709512550) thrown at [./src/hotspot/share/classfile/systemDictionary.cpp, line 231]
Event: 6.505 Thread 0x00000175371f9800 Exception <a 'java/lang/reflect/InvocationTargetException'{0x00000007117c9f98}> (0x00000007117c9f98) thrown at [./src/hotspot/share/runtime/reflection.cpp, line 1247]

Events (20 events):
Event: 6.528 loading class io/smallrye/mutiny/Multi done
Event: 6.528 loading class io/smallrye/mutiny$Multi
Event: 6.528 loading class io/smallrye/mutiny$Multi done
Event: 6.529 loading class org/springframework/web/bind/support/DefaultSessionAttributeStore
Event: 6.529 loading class org/springframework/web/bind/support/DefaultSessionAttributeStore done
Event: 6.529 loading class org/springframework/web/bind/support/SessionAttributeStore
Event: 6.529 loading class org/springframework/web/bind/support/SessionAttributeStore done
Event: 6.532 loading class org/joda/time/YearMonth
Event: 6.532 loading class org/joda/time/YearMonth done
Event: 6.532 loading class org/joda/time$YearMonth
Event: 6.532 loading class org/joda/time$YearMonth done
Event: 6.533 loading class org/springframework/boot/autoconfigure/http/HttpMessageConverters
Event: 6.533 loading class org/springframework/boot/autoconfigure/http/HttpMessageConverters done
Event: 6.535 loading class org/springframework/hateoas/server/mvc/TypeConstrainedMappingJackson2HttpMessageConverter
Event: 6.535 loading class org/springframework/hateoas/server/mvc/TypeConstrainedMappingJackson2HttpMessageConverter done
Event: 6.535 loading class org/springframework/http/converter/json/GsonHttpMessageConverter
Event: 6.535 loading class org/springframework/http/converter/json/GsonHttpMessageConverter done
Event: 6.536 loading class org/springframework/http/converter/json/AbstractJsonHttpMessageConverter
Event: 6.536 loading class org/springframework/http/converter/json/AbstractJsonHttpMessageConverter done
Event: 6.536 Executing VM operation: G1CollectForAllocation


Dynamic libraries:
0x00007ff712c40000 - 0x00007ff712c4a000 	D:\IntelliJ IDEA 2021.3.1\jbr\bin\java.exe
0x00007ff8dc570000 - 0x00007ff8dc765000 	C:\WINDOWS\SYSTEM32\ntdll.dll
0x00007ff8dbc40000 - 0x00007ff8dbcfe000 	C:\WINDOWS\System32\KERNEL32.DLL
0x00007ff8da110000 - 0x00007ff8da3d8000 	C:\WINDOWS\System32\KERNELBASE.dll
0x00007ff8da010000 - 0x00007ff8da110000 	C:\WINDOWS\System32\ucrtbase.dll
0x00007ff8cfe60000 - 0x00007ff8cfe79000 	D:\IntelliJ IDEA 2021.3.1\jbr\bin\jli.dll
0x00007ff8bdb00000 - 0x00007ff8bdb17000 	D:\IntelliJ IDEA 2021.3.1\jbr\bin\VCRUNTIME140.dll
0x00007ff8db400000 - 0x00007ff8db5a1000 	C:\WINDOWS\System32\USER32.dll
0x00007ff8da3e0000 - 0x00007ff8da402000 	C:\WINDOWS\System32\win32u.dll
0x00007ff8c51f0000 - 0x00007ff8c548a000 	C:\WINDOWS\WinSxS\amd64_microsoft.windows.common-controls_6595b64144ccf1df_6.0.19041.1110_none_60b5254171f9507e\COMCTL32.dll
0x00007ff8dc480000 - 0x00007ff8dc4ab000 	C:\WINDOWS\System32\GDI32.dll
0x00007ff8da410000 - 0x00007ff8da51d000 	C:\WINDOWS\System32\gdi32full.dll
0x00007ff8db230000 - 0x00007ff8db2ce000 	C:\WINDOWS\System32\msvcrt.dll
0x00007ff8d9dc0000 - 0x00007ff8d9e5d000 	C:\WINDOWS\System32\msvcp_win.dll
0x00007ff8dbd00000 - 0x00007ff8dbd30000 	C:\WINDOWS\System32\IMM32.DLL
0x00007ff89d0c0000 - 0x00007ff89d15d000 	D:\IntelliJ IDEA 2021.3.1\jbr\bin\msvcp140.dll
0x00007ff872cd0000 - 0x00007ff873846000 	D:\IntelliJ IDEA 2021.3.1\jbr\bin\server\jvm.dll
0x00007ff8dbb90000 - 0x00007ff8dbc3e000 	C:\WINDOWS\System32\ADVAPI32.dll
0x00007ff8dab10000 - 0x00007ff8dabac000 	C:\WINDOWS\System32\sechost.dll
0x00007ff8db2d0000 - 0x00007ff8db3f5000 	C:\WINDOWS\System32\RPCRT4.dll
0x00007ff8daa50000 - 0x00007ff8daa58000 	C:\WINDOWS\System32\PSAPI.DLL
0x00007ff8bde40000 - 0x00007ff8bde49000 	C:\WINDOWS\SYSTEM32\WSOCK32.dll
0x00007ff8cf100000 - 0x00007ff8cf10a000 	C:\WINDOWS\SYSTEM32\VERSION.dll
0x00007ff8db5b0000 - 0x00007ff8db61b000 	C:\WINDOWS\System32\WS2_32.dll
0x00007ff8c5640000 - 0x00007ff8c5667000 	C:\WINDOWS\SYSTEM32\WINMM.dll
0x00007ff8d8550000 - 0x00007ff8d8562000 	C:\WINDOWS\SYSTEM32\kernel.appcore.dll
0x00007ff8d1ca0000 - 0x00007ff8d1cb1000 	D:\IntelliJ IDEA 2021.3.1\jbr\bin\verify.dll
0x00007ff8d4a20000 - 0x00007ff8d4c04000 	C:\WINDOWS\SYSTEM32\DBGHELP.DLL
0x00007ff8bdc70000 - 0x00007ff8bdc9c000 	C:\WINDOWS\SYSTEM32\dbgcore.DLL
0x00007ff8d9c80000 - 0x00007ff8d9d02000 	C:\WINDOWS\System32\bcryptPrimitives.dll
0x00007ff8cfec0000 - 0x00007ff8cfee9000 	D:\IntelliJ IDEA 2021.3.1\jbr\bin\java.dll
0x00007ff8d1c80000 - 0x00007ff8d1c8b000 	D:\IntelliJ IDEA 2021.3.1\jbr\bin\jimage.dll
0x00007ff8d1c90000 - 0x00007ff8d1c9f000 	D:\IntelliJ IDEA 2021.3.1\jbr\bin\instrument.dll
0x00007ff8d12a0000 - 0x00007ff8d12b8000 	D:\IntelliJ IDEA 2021.3.1\jbr\bin\zip.dll
0x00007ff8dbd30000 - 0x00007ff8dc474000 	C:\WINDOWS\System32\SHELL32.dll
0x00007ff8d4c10000 - 0x00007ff8d53a5000 	C:\WINDOWS\SYSTEM32\windows.storage.dll
0x00007ff8db620000 - 0x00007ff8db975000 	C:\WINDOWS\System32\combase.dll
0x00007ff8d96d0000 - 0x00007ff8d96fe000 	C:\WINDOWS\SYSTEM32\Wldp.dll
0x00007ff8daef0000 - 0x00007ff8daf9d000 	C:\WINDOWS\System32\SHCORE.dll
0x00007ff8dbb30000 - 0x00007ff8dbb85000 	C:\WINDOWS\System32\shlwapi.dll
0x00007ff8d9bc0000 - 0x00007ff8d9bdf000 	C:\WINDOWS\SYSTEM32\profapi.dll
0x00007ff8d1100000 - 0x00007ff8d111a000 	D:\IntelliJ IDEA 2021.3.1\jbr\bin\net.dll
0x00007ff8cca00000 - 0x00007ff8ccb0c000 	C:\WINDOWS\SYSTEM32\WINHTTP.dll
0x00007ff8d93c0000 - 0x00007ff8d942a000 	C:\WINDOWS\system32\mswsock.dll
0x00007ff8cfea0000 - 0x00007ff8cfeb4000 	D:\IntelliJ IDEA 2021.3.1\jbr\bin\nio.dll
0x00007ff8d1a00000 - 0x00007ff8d1a1a000 	D:\IntelliJ IDEA 2021.3.1\bin\breakgen64.dll
0x00007ff8d90f0000 - 0x00007ff8d91bb000 	C:\WINDOWS\SYSTEM32\DNSAPI.dll
0x00007ff8d90a0000 - 0x00007ff8d90db000 	C:\WINDOWS\SYSTEM32\IPHLPAPI.DLL
0x00007ff8daa30000 - 0x00007ff8daa38000 	C:\WINDOWS\System32\NSI.dll
0x00007ff8cc5c0000 - 0x00007ff8cc5ca000 	C:\Windows\System32\rasadhlp.dll
0x00007ff8ce5d0000 - 0x00007ff8ce64f000 	C:\WINDOWS\System32\fwpuclnt.dll
0x00007ff8da580000 - 0x00007ff8da5a7000 	C:\WINDOWS\System32\bcrypt.dll
0x00007ff8d1c50000 - 0x00007ff8d1c5a000 	D:\IntelliJ IDEA 2021.3.1\jbr\bin\management.dll
0x00007ff8d0db0000 - 0x00007ff8d0dbd000 	D:\IntelliJ IDEA 2021.3.1\jbr\bin\management_ext.dll
0x00007ff8d9630000 - 0x00007ff8d9648000 	C:\WINDOWS\SYSTEM32\CRYPTSP.dll
0x00007ff8d8cd0000 - 0x00007ff8d8d04000 	C:\WINDOWS\system32\rsaenh.dll
0x00007ff8d9b80000 - 0x00007ff8d9bae000 	C:\WINDOWS\SYSTEM32\USERENV.dll
0x00007ff8d9620000 - 0x00007ff8d962c000 	C:\WINDOWS\SYSTEM32\CRYPTBASE.dll
0x00007ff8cf0e0000 - 0x00007ff8cf0f7000 	C:\WINDOWS\SYSTEM32\dhcpcsvc6.DLL
0x00007ff8cf080000 - 0x00007ff8cf09d000 	C:\WINDOWS\SYSTEM32\dhcpcsvc.DLL
0x00007ff8b1cd0000 - 0x00007ff8b1ce7000 	C:\WINDOWS\system32\napinsp.dll
0x00007ff8b1cb0000 - 0x00007ff8b1ccb000 	C:\WINDOWS\system32\pnrpnsp.dll
0x00007ff8b1c90000 - 0x00007ff8b1ca5000 	C:\WINDOWS\system32\wshbth.dll
0x00007ff8d2210000 - 0x00007ff8d222d000 	C:\WINDOWS\system32\NLAapi.dll
0x00007ff8b1c70000 - 0x00007ff8b1c82000 	C:\WINDOWS\System32\winrnr.dll
0x00007ff8bdbc0000 - 0x00007ff8bdbe8000 	D:\IntelliJ IDEA 2021.3.1\jbr\bin\sunec.dll

dbghelp: loaded successfully - version: 4.0.5 - missing functions: none
symbol engine: initialized successfully - sym options: 0x614 - pdb path: .;D:\IntelliJ IDEA 2021.3.1\jbr\bin;C:\WINDOWS\SYSTEM32;C:\WINDOWS\WinSxS\amd64_microsoft.windows.common-controls_6595b64144ccf1df_6.0.19041.1110_none_60b5254171f9507e;D:\IntelliJ IDEA 2021.3.1\jbr\bin\server;D:\IntelliJ IDEA 2021.3.1\bin

VM Arguments:
jvm_args: -XX:TieredStopAtLevel=1 -Xverify:none -Dspring.profiles.active=roman -Dspring.output.ansi.enabled=always -Dcom.sun.management.jmxremote -Dspring.jmx.enabled=true -Dspring.liveBeansView.mbeanDomain -Dspring.application.admin.enabled=true -javaagent:D:\IntelliJ IDEA 2021.3.1\lib\idea_rt.jar=56381:D:\IntelliJ IDEA 2021.3.1\bin -Dfile.encoding=UTF-8 
java_command: com.cursor.lobo.moviereview.MovieReViewApplication
java_class_path (initial): D:\MovieReView\target\classes;C:\Users\User\.m2\repository\org\springframework\boot\spring-boot-starter-data-jpa\2.6.3\spring-boot-starter-data-jpa-2.6.3.jar;C:\Users\User\.m2\repository\org\springframework\boot\spring-boot-starter-aop\2.6.3\spring-boot-starter-aop-2.6.3.jar;C:\Users\User\.m2\repository\org\aspectj\aspectjweaver\1.9.7\aspectjweaver-1.9.7.jar;C:\Users\User\.m2\repository\org\springframework\boot\spring-boot-starter-jdbc\2.6.3\spring-boot-starter-jdbc-2.6.3.jar;C:\Users\User\.m2\repository\com\zaxxer\HikariCP\4.0.3\HikariCP-4.0.3.jar;C:\Users\User\.m2\repository\org\springframework\spring-jdbc\5.3.15\spring-jdbc-5.3.15.jar;C:\Users\User\.m2\repository\jakarta\transaction\jakarta.transaction-api\1.3.3\jakarta.transaction-api-1.3.3.jar;C:\Users\User\.m2\repository\jakarta\persistence\jakarta.persistence-api\2.2.3\jakarta.persistence-api-2.2.3.jar;C:\Users\User\.m2\repository\org\springframework\data\spring-data-jpa\2.6.1\spring-data-jpa-2.6.1.jar;C:\Users\User\.m2\repository\org\springframework\data\spring-data-commons\2.6.1\spring-data-commons-2.6.1.jar;C:\Users\User\.m2\repository\org\springframework\spring-orm\5.3.15\spring-orm-5.3.15.jar;C:\Users\User\.m2\repository\org\springframework\spring-context\5.3.15\spring-context-5.3.15.jar;C:\Users\User\.m2\repository\org\springframework\spring-tx\5.3.15\spring-tx-5.3.15.jar;C:\Users\User\.m2\repository\org\springframework\spring-beans\5.3.15\spring-beans-5.3.15.jar;C:\Users\User\.m2\repository\org\slf4j\slf4j-api\1.7.33\slf4j-api-1.7.33.jar;C:\Users\User\.m2\repository\org\springframework\spring-aspects\5.3.15\spring-aspects-5.3.15.jar;C:\Users\User\.m2\repository\org\springframework\boot\spring-boot-starter-security\2.6.3\spring-boot-starter-security-2.6.3.jar;C:\Users\User\.m2\repository\org\springframework\boot\spring-boot-starter\2.6.3\spring-boot-starter-2.6.3.jar;C:\Users\User\.m2\repository\org\springframework\boot\spring-boot\2.6.3\spring-boot-2.6.3.jar;C:\Users\User\.
Launcher Type: SUN_STANDARD

[Global flags]
     bool BytecodeVerificationLocal                = false                                     {product} {command line}
     bool BytecodeVerificationRemote               = false                                     {product} {command line}
     intx CICompilerCount                          = 4                                         {product} {ergonomic}
     uint ConcGCThreads                            = 2                                         {product} {ergonomic}
     uint G1ConcRefinementThreads                  = 8                                         {product} {ergonomic}
   size_t G1HeapRegionSize                         = 1048576                                   {product} {ergonomic}
    uintx GCDrainStackTargetSize                   = 64                                        {product} {ergonomic}
   size_t InitialHeapSize                          = 266338304                                 {product} {ergonomic}
     bool ManagementServer                         = true                                      {product} {command line}
   size_t MarkStackSize                            = 4194304                                   {product} {ergonomic}
   size_t MaxHeapSize                              = 4253024256                                {product} {ergonomic}
   size_t MaxNewSize                               = 2551185408                                {product} {ergonomic}
   size_t MinHeapDeltaBytes                        = 1048576                                   {product} {ergonomic}
    uintx NonNMethodCodeHeapSize                   = 7549744                                {pd product} {ergonomic}
    uintx NonProfiledCodeHeapSize                  = 244108496                              {pd product} {ergonomic}
    uintx ProfiledCodeHeapSize                     = 0                                      {pd product} {ergonomic}
    uintx ReservedCodeCacheSize                    = 251658240                              {pd product} {ergonomic}
     bool SegmentedCodeCache                       = true                                      {product} {ergonomic}
     intx TieredStopAtLevel                        = 1                                         {product} {command line}
     bool UseCompressedClassPointers               = true                                 {lp64_product} {ergonomic}
     bool UseCompressedOops                        = true                                 {lp64_product} {ergonomic}
     bool UseG1GC                                  = true                                      {product} {ergonomic}
     bool UseLargePagesIndividualAllocation        = false                                  {pd product} {ergonomic}

Logging:
Log output configuration:
 #0: stdout all=warning uptime,level,tags
 #1: stderr all=off uptime,level,tags

Environment Variables:
JAVA_HOME=C:\Program Files\Java\jdk-17.0.1\
PATH=C:\Program Files\Common Files\Oracle\Java\javapath;C:\WINDOWS\system32;C:\WINDOWS;C:\WINDOWS\System32\Wbem;C:\WINDOWS\System32\WindowsPowerShell\v1.0\;C:\WINDOWS\System32\OpenSSH\;C:\Program Files\dotnet\;C:\Program Files\Microsoft SQL Server\130\Tools\Binn\;C:\Program Files (x86)\dotnet\;C:\platform-tools;C:\Program Files\MySQL\MySQL Server 8.0\bin;C:\Program Files\Git\cmd;C:\Program Files\Java\jdk-17.0.1\bin;C:\Users\User\AppData\Local\Programs\Python\Python310\Scripts\;C:\Users\User\AppData\Local\Programs\Python\Python310\;C:\Users\User\AppData\Local\Microsoft\WindowsApps;C:\Users\User\.dotnet\tools;C:\Users\User\AppData\Local\Microsoft\WindowsApps;C:\Program Files\JetBrains\PyCharm 2021.2.2\bin;C:\Users\User\AppData\Local\GitHubDesktop\bin;C:\Program Files\JetBrains\IntelliJ IDEA 2021.2.3\bin;C:\Program Files\JetBrains\IntelliJ IDEA Community Edition 2021.2.3\bin;C:\Program Files\JetBrains\PyCharm Community Edition 2021.2.3\bin;C:\Program Files\MongoDB\Server\5.0\bin;C:\Program Files\JetBrains\PyCharm Community Edition 2021.2.3\bin;;C:\Program Files\JetBrains\IntelliJ IDEA Community Edition 2021.2.3\bin;;D:\Maven\bin;;D:\IntelliJ IDEA 2021.3.1\bin;
USERNAME=Roman Matsuiev
OS=Windows_NT
PROCESSOR_IDENTIFIER=Intel64 Family 6 Model 158 Stepping 10, GenuineIntel



---------------  S Y S T E M  ---------------

OS: Windows 10 , 64 bit Build 19041 (10.0.19041.1466)
OS uptime: 0 days 10:51 hours

CPU:total 8 (initial active 8) (4 cores per cpu, 2 threads per core) family 6 model 158 stepping 10 microcode 0xb4, cmov, cx8, fxsr, mmx, sse, sse2, sse3, ssse3, sse4.1, sse4.2, popcnt, avx, avx2, aes, clmul, erms, 3dnowpref, lzcnt, ht, tsc, tscinvbit, bmi1, bmi2, adx, fma

Memory: 4k page, system-wide physical 16221M (2899M free)
TotalPageFile size 16221M (AvailPageFile size 16M)
current process WorkingSet (physical memory assigned to process): 288M, peak: 288M
current process commit charge ("private bytes"): 410M, peak: 461M

vm_info: OpenJDK 64-Bit Server VM (11.0.13+7-b1751.21) for windows-amd64 JRE (11.0.13+7-b1751.21), built on Nov 30 2021 02:32:50 by "" with MS VC++ 14.0 (VS2015)

END.
