#
# There is insufficient memory for the Java Runtime Environment to continue.
# Native memory allocation (mmap) failed to map 134217728 bytes for Failed to commit area from 0x00000000d1200000 to 0x00000000d9200000 of length 134217728.
# Possible reasons:
#   The system is out of physical RAM or swap space
#   The process is running with CompressedOops enabled, and the Java Heap may be blocking the growth of the native heap
# Possible solutions:
#   Reduce memory load on the system
#   Increase physical memory or swap space
#   Check if swap backing store is full
#   Decrease Java heap size (-Xmx/-Xms)
#   Decrease number of Java threads
#   Decrease Java thread stack sizes (-Xss)
#   Set larger code cache with -XX:ReservedCodeCacheSize=
# This output file may be truncated or incomplete.
#
#  Out of Memory Error (./src/hotspot/os/windows/os_windows.cpp:3619), pid=16100, tid=3092
#
# JRE version:  (11.0.13+7) (build )
# Java VM: OpenJDK 64-Bit Server VM (11.0.13+7-b1751.21, mixed mode, sharing, tiered, compressed oops, g1 gc, windows-amd64)
# No core dump will be written. Minidumps are not enabled by default on client versions of Windows
#

---------------  S U M M A R Y ------------

Command Line: -Djava.rmi.server.hostname=127.0.0.1 -Duser.timezone=UTC -Xmx750m -Xms128m -Dfile.encoding=UTF-8 com.intellij.database.remote.RemoteJdbcServer org.postgresql.Driver

Host: Intel(R) Core(TM) i5-9300H CPU @ 2.40GHz, 8 cores, 15G,  Windows 10 , 64 bit Build 19041 (10.0.19041.1466)
Time: Mon Feb  7 20:58:19 2022 Фінляндія (зима) elapsed time: 0.043941 seconds (0d 0h 0m 0s)

---------------  T H R E A D  ---------------

Current thread (0x00000191b489c000):  JavaThread "Unknown thread" [_thread_in_vm, id=3092, stack(0x00000084c7600000,0x00000084c7700000)]

Stack: [0x00000084c7600000,0x00000084c7700000]
Native frames: (J=compiled Java code, j=interpreted, Vv=VM code, C=native code)
V  [jvm.dll+0x613daa]
V  [jvm.dll+0x799b30]
V  [jvm.dll+0x79b14d]
V  [jvm.dll+0x79b823]
V  [jvm.dll+0x24c958]
V  [jvm.dll+0x610e24]
V  [jvm.dll+0x605b25]
V  [jvm.dll+0x30aaab]
V  [jvm.dll+0x30aa1a]
V  [jvm.dll+0x30a8f2]
V  [jvm.dll+0x30f856]
V  [jvm.dll+0x359143]
V  [jvm.dll+0x359846]
V  [jvm.dll+0x359243]
V  [jvm.dll+0x2e57a8]
V  [jvm.dll+0x2e6947]
V  [jvm.dll+0x776d47]
V  [jvm.dll+0x77853c]
V  [jvm.dll+0x3666c9]
V  [jvm.dll+0x75a9ce]
V  [jvm.dll+0x3d47d3]
V  [jvm.dll+0x3d6d21]
C  [jli.dll+0x536b]
C  [ucrtbase.dll+0x21bb2]
C  [KERNEL32.DLL+0x17034]
C  [ntdll.dll+0x52651]


---------------  P R O C E S S  ---------------

Threads class SMR info:
_java_thread_list=0x00000191b47c2340, length=0, elements={
}

Java Threads: ( => current thread )

Other Threads:
  0x00000191b69b4800 GCTaskThread "GC Thread#0" [stack: 0x00000084c7700000,0x00000084c7800000] [id=1076]
  0x00000191b69cb800 ConcurrentGCThread "G1 Main Marker" [stack: 0x00000084c7800000,0x00000084c7900000] [id=16448]
  0x00000191b69cd000 ConcurrentGCThread "G1 Conc#0" [stack: 0x00000084c7900000,0x00000084c7a00000] [id=12992]

[error occurred during error reporting (printing all threads), id 0xc0000005, EXCEPTION_ACCESS_VIOLATION (0xc0000005) at pc=0x00007ffef7be5c97]

VM state:not at safepoint (not fully initialized)

VM Mutex/Monitor currently owned by a thread:  ([mutex/lock_event])
[0x00000191b699b860] Heap_lock - owner thread: 0x00000191b489c000

Heap address: 0x00000000d1200000, size: 750 MB, Compressed Oops mode: Non-zero based: 0x00000000d1200000
Narrow klass base: 0x0000000000000000, Narrow klass shift: 0

GC Heap History (0 events):
No events

Deoptimization events (0 events):
No events

Classes redefined (0 events):
No events

Internal exceptions (0 events):
No events

Events (1 events):
Event: 0.020 Loaded shared library D:\IntelliJ IDEA 2021.3.1\jbr\bin\zip.dll


Dynamic libraries:
0x00007ff661eb0000 - 0x00007ff661eba000 	D:\IntelliJ IDEA 2021.3.1\jbr\bin\java.exe
0x00007fff40f70000 - 0x00007fff41165000 	C:\WINDOWS\SYSTEM32\ntdll.dll
0x00007fff40700000 - 0x00007fff407be000 	C:\WINDOWS\System32\KERNEL32.DLL
0x00007fff3eb40000 - 0x00007fff3ee08000 	C:\WINDOWS\System32\KERNELBASE.dll
0x00007fff3e770000 - 0x00007fff3e870000 	C:\WINDOWS\System32\ucrtbase.dll
0x00007fff0f520000 - 0x00007fff0f539000 	D:\IntelliJ IDEA 2021.3.1\jbr\bin\jli.dll
0x00007fff14630000 - 0x00007fff14647000 	D:\IntelliJ IDEA 2021.3.1\jbr\bin\VCRUNTIME140.dll
0x00007fff407c0000 - 0x00007fff40961000 	C:\WINDOWS\System32\USER32.dll
0x00007fff3ea60000 - 0x00007fff3ea82000 	C:\WINDOWS\System32\win32u.dll
0x00007fff2a7b0000 - 0x00007fff2aa4a000 	C:\WINDOWS\WinSxS\amd64_microsoft.windows.common-controls_6595b64144ccf1df_6.0.19041.1110_none_60b5254171f9507e\COMCTL32.dll
0x00007fff40430000 - 0x00007fff4045b000 	C:\WINDOWS\System32\GDI32.dll
0x00007fff3efb0000 - 0x00007fff3f04e000 	C:\WINDOWS\System32\msvcrt.dll
0x00007fff3ee70000 - 0x00007fff3ef7d000 	C:\WINDOWS\System32\gdi32full.dll
0x00007fff3e6d0000 - 0x00007fff3e76d000 	C:\WINDOWS\System32\msvcp_win.dll
0x00007fff3fe60000 - 0x00007fff3fe90000 	C:\WINDOWS\System32\IMM32.DLL
0x00007ffefd990000 - 0x00007ffefda2d000 	D:\IntelliJ IDEA 2021.3.1\jbr\bin\msvcp140.dll
0x00007ffef78f0000 - 0x00007ffef8466000 	D:\IntelliJ IDEA 2021.3.1\jbr\bin\server\jvm.dll
0x00007fff3fea0000 - 0x00007fff3ff4e000 	C:\WINDOWS\System32\ADVAPI32.dll
0x00007fff3f7a0000 - 0x00007fff3f83c000 	C:\WINDOWS\System32\sechost.dll
0x00007fff3fae0000 - 0x00007fff3fc05000 	C:\WINDOWS\System32\RPCRT4.dll
0x00007fff404e0000 - 0x00007fff404e8000 	C:\WINDOWS\System32\PSAPI.DLL
0x00007fff25700000 - 0x00007fff25709000 	C:\WINDOWS\SYSTEM32\WSOCK32.dll
0x00007fff2ac50000 - 0x00007fff2ac77000 	C:\WINDOWS\SYSTEM32\WINMM.dll
0x00007fff34800000 - 0x00007fff3480a000 	C:\WINDOWS\SYSTEM32\VERSION.dll
0x00007fff40df0000 - 0x00007fff40e5b000 	C:\WINDOWS\System32\WS2_32.dll
0x00007fff3cf50000 - 0x00007fff3cf62000 	C:\WINDOWS\SYSTEM32\kernel.appcore.dll
0x00007fff365d0000 - 0x00007fff365e1000 	D:\IntelliJ IDEA 2021.3.1\jbr\bin\verify.dll
0x00007fff39420000 - 0x00007fff39604000 	C:\WINDOWS\SYSTEM32\DBGHELP.DLL
0x00007fff249a0000 - 0x00007fff249cc000 	C:\WINDOWS\SYSTEM32\dbgcore.DLL
0x00007fff3e9d0000 - 0x00007fff3ea52000 	C:\WINDOWS\System32\bcryptPrimitives.dll
0x00007fff359a0000 - 0x00007fff359c9000 	D:\IntelliJ IDEA 2021.3.1\jbr\bin\java.dll
0x00007fff36f30000 - 0x00007fff36f3b000 	D:\IntelliJ IDEA 2021.3.1\jbr\bin\jimage.dll
0x00007fff32f00000 - 0x00007fff32f18000 	D:\IntelliJ IDEA 2021.3.1\jbr\bin\zip.dll

dbghelp: loaded successfully - version: 4.0.5 - missing functions: none
symbol engine: initialized successfully - sym options: 0x614 - pdb path: .;D:\IntelliJ IDEA 2021.3.1\jbr\bin;C:\WINDOWS\SYSTEM32;C:\WINDOWS\WinSxS\amd64_microsoft.windows.common-controls_6595b64144ccf1df_6.0.19041.1110_none_60b5254171f9507e;D:\IntelliJ IDEA 2021.3.1\jbr\bin\server

VM Arguments:
jvm_args: -Djava.rmi.server.hostname=127.0.0.1 -Duser.timezone=UTC -Xmx750m -Xms128m -Dfile.encoding=UTF-8 
java_command: com.intellij.database.remote.RemoteJdbcServer org.postgresql.Driver
java_class_path (initial): D:\IntelliJ IDEA 2021.3.1\lib\util.jar;D:\IntelliJ IDEA 2021.3.1\lib\org_codehaus_groovy_groovy.jar;D:\IntelliJ IDEA 2021.3.1\plugins\DatabaseTools\lib\jdbc-console.jar;C:\Users\User\AppData\Roaming\JetBrains\IntelliJIdea2021.3\jdbc-drivers\PostgreSQL\42.2.22\postgresql-42.2.22.jar;C:\Users\User\AppData\Roaming\JetBrains\IntelliJIdea2021.3\jdbc-drivers\PostgreSQL\42.2.22\jna-platform-win-4.4.0.jar;C:\Users\User\AppData\Roaming\JetBrains\IntelliJIdea2021.3\jdbc-drivers\PostgreSQL\42.2.22\jna-win-4.4.0.jar;C:\Users\User\AppData\Roaming\JetBrains\IntelliJIdea2021.3\jdbc-drivers\PostgreSQL\42.2.22\waffle-jna-win-1.8.1.jar
Launcher Type: SUN_STANDARD

[Global flags]
     intx CICompilerCount                          = 4                                         {product} {ergonomic}
     uint ConcGCThreads                            = 2                                         {product} {ergonomic}
     uint G1ConcRefinementThreads                  = 8                                         {product} {ergonomic}
   size_t G1HeapRegionSize                         = 1048576                                   {product} {ergonomic}
    uintx GCDrainStackTargetSize                   = 64                                        {product} {ergonomic}
   size_t InitialHeapSize                          = 134217728                                 {product} {command line}
   size_t MarkStackSize                            = 4194304                                   {product} {ergonomic}
   size_t MaxHeapSize                              = 786432000                                 {product} {command line}
   size_t MinHeapDeltaBytes                        = 1048576                                   {product} {ergonomic}
    uintx NonNMethodCodeHeapSize                   = 5836300                                {pd product} {ergonomic}
    uintx NonProfiledCodeHeapSize                  = 122910970                              {pd product} {ergonomic}
    uintx ProfiledCodeHeapSize                     = 122910970                              {pd product} {ergonomic}
    uintx ReservedCodeCacheSize                    = 251658240                              {pd product} {ergonomic}
     bool SegmentedCodeCache                       = true                                      {product} {ergonomic}
     bool UseCompressedClassPointers               = true                                 {lp64_product} {ergonomic}
     bool UseCompressedOops                        = true                                 {lp64_product} {ergonomic}
     bool UseG1GC                                  = true                                      {product} {ergonomic}
     bool UseLargePagesIndividualAllocation        = false                                  {pd product} {ergonomic}

Logging:
Log output configuration:
 #0: stdout all=warning uptime,level,tags
 #1: stderr all=off uptime,level,tags

Environment Variables:
JAVA_HOME=C:\Program Files\Java\jdk-17.0.1\
PATH=C:\Program Files\Common Files\Oracle\Java\javapath;C:\WINDOWS\system32;C:\WINDOWS;C:\WINDOWS\System32\Wbem;C:\WINDOWS\System32\WindowsPowerShell\v1.0\;C:\WINDOWS\System32\OpenSSH\;C:\Program Files\dotnet\;C:\Program Files\Microsoft SQL Server\130\Tools\Binn\;C:\Program Files (x86)\dotnet\;C:\platform-tools;C:\Program Files\MySQL\MySQL Server 8.0\bin;C:\Program Files\Git\cmd;C:\Program Files\Java\jdk-17.0.1\bin;C:\Users\User\AppData\Local\Programs\Python\Python310\Scripts\;C:\Users\User\AppData\Local\Programs\Python\Python310\;C:\Users\User\AppData\Local\Microsoft\WindowsApps;C:\Users\User\.dotnet\tools;C:\Users\User\AppData\Local\Microsoft\WindowsApps;C:\Program Files\JetBrains\PyCharm 2021.2.2\bin;C:\Users\User\AppData\Local\GitHubDesktop\bin;C:\Program Files\JetBrains\IntelliJ IDEA 2021.2.3\bin;C:\Program Files\JetBrains\IntelliJ IDEA Community Edition 2021.2.3\bin;C:\Program Files\JetBrains\PyCharm Community Edition 2021.2.3\bin;C:\Program Files\MongoDB\Server\5.0\bin;C:\Program Files\JetBrains\PyCharm Community Edition 2021.2.3\bin;;C:\Program Files\JetBrains\IntelliJ IDEA Community Edition 2021.2.3\bin;;D:\Maven\bin;;D:\IntelliJ IDEA 2021.3.1\bin;
USERNAME=Roman Matsuiev
OS=Windows_NT
PROCESSOR_IDENTIFIER=Intel64 Family 6 Model 158 Stepping 10, GenuineIntel



---------------  S Y S T E M  ---------------

OS: Windows 10 , 64 bit Build 19041 (10.0.19041.1466)
OS uptime: 0 days 14:07 hours

CPU:total 8 (initial active 8) (4 cores per cpu, 2 threads per core) family 6 model 158 stepping 10 microcode 0xb4, cmov, cx8, fxsr, mmx, sse, sse2, sse3, ssse3, sse4.1, sse4.2, popcnt, avx, avx2, aes, clmul, erms, 3dnowpref, lzcnt, ht, tsc, tscinvbit, bmi1, bmi2, adx, fma

Memory: 4k page, system-wide physical 16221M (2520M free)
TotalPageFile size 16221M (AvailPageFile size 23M)
current process WorkingSet (physical memory assigned to process): 9M, peak: 9M
current process commit charge ("private bytes"): 59M, peak: 187M

vm_info: OpenJDK 64-Bit Server VM (11.0.13+7-b1751.21) for windows-amd64 JRE (11.0.13+7-b1751.21), built on Nov 30 2021 02:32:50 by "" with MS VC++ 14.0 (VS2015)

END.
